[ASTRAL_ENGINE] OpenGL Info:
[ASTRAL_ENGINE]    Vendor: NVIDIA Corporation
[ASTRAL_ENGINE]    Renderer: GeForce GTX 1660 Ti/PCIe/SSE2
[ASTRAL_ENGINE]    Version: 4.5.0 NVIDIA 431.65

[ASTRAL_ENGINE] Notification: Buffer detailed info: Buffer object 1 (bound to GL_ARRAY_BUFFER_ARB, usage hint is GL_STATIC_DRAW) will use VIDEO memory as the source for buffer object operations.
[ASTRAL_ENGINE] Notification: Buffer detailed info: Buffer object 2 (bound to GL_ELEMENT_ARRAY_BUFFER_ARB, usage hint is GL_STATIC_DRAW) will use VIDEO memory as the source for buffer object operations.
[APP] OnCreate called
[APP] Test component created
[ASTRAL_ENGINE] 0, 0
[ASTRAL_ENGINE] 13571, 70
[ASTRAL_ENGINE] 29031, 241
[ASTRAL_ENGINE] 28846, 108
[ASTRAL_ENGINE] 28740, 30
[ASTRAL_ENGINE] 28565, 30
[ASTRAL_ENGINE] 28377, 30
[ASTRAL_ENGINE] 28306, 159
[ASTRAL_ENGINE] 28306, 237
[ASTRAL_ENGINE] 28306, 257
[ASTRAL_ENGINE] 28421, 271
[ASTRAL_ENGINE] 28493, 284
[ASTRAL_ENGINE] 28546, 310
[ASTRAL_ENGINE] 28653, 346
[ASTRAL_ENGINE] 28871, 383
[ASTRAL_ENGINE] 28974, 393
[ASTRAL_ENGINE] 28975, 503
[ASTRAL_ENGINE] 29026, 548
[ASTRAL_ENGINE] 29026, 609
[ASTRAL_ENGINE] 29026, 698
[ASTRAL_ENGINE] 28957, 811
[ASTRAL_ENGINE] 28821, 835
[ASTRAL_ENGINE] 28694, 835
[ASTRAL_ENGINE] 28573, 835
[ASTRAL_ENGINE] 28544, 722
[ASTRAL_ENGINE] 28368, 583
[ASTRAL_ENGINE] 28344, 658
[ASTRAL_ENGINE] 28454, 722
[ASTRAL_ENGINE] 28662, 819
[ASTRAL_ENGINE] 28799, 893
[ASTRAL_ENGINE] 28935, 847
[ASTRAL_ENGINE] 29105, 727
[ASTRAL_ENGINE] 29185, 487
[ASTRAL_ENGINE] 29201, 236
[ASTRAL_ENGINE] 29201, 103
[ASTRAL_ENGINE] 29201, 42
[ASTRAL_ENGINE] 29201, -14
[ASTRAL_ENGINE] 29210, -15
[ASTRAL_ENGINE] 29233, -236
[ASTRAL_ENGINE] 29199, -236
[ASTRAL_ENGINE] 29011, -196
[ASTRAL_ENGINE] 28983, 6988
[ASTRAL_ENGINE] 28960, 6948
[ASTRAL_ENGINE] 28862, 6871
[ASTRAL_ENGINE] 28666, 6824
[ASTRAL_ENGINE] 28555, 6752
[ASTRAL_ENGINE] 28463, 6656
[ASTRAL_ENGINE] 28513, 6565
[ASTRAL_ENGINE] 28622, 6565
[ASTRAL_ENGINE] 28727, 6565
[ASTRAL_ENGINE] 28831, 6644
[ASTRAL_ENGINE] 28993, 6705
[ASTRAL_ENGINE] 29031, 6824
[ASTRAL_ENGINE] 29060, 6824
[ASTRAL_ENGINE] 29191, 6826
[ASTRAL_ENGINE] Notification: Buffer detailed info: Buffer object 3 (bound to GL_VERTEX_ATTRIB_ARRAY_BUFFER_BINDING_ARB (0), GL_VERTEX_ATTRIB_ARRAY_BUFFER_BINDING_ARB (1), GL_VERTEX_ATTRIB_ARRAY_BUFFER_BINDING_ARB (2), GL_VERTEX_ATTRIB_ARRAY_BUFFER_BINDING_ARB (3), GL_VERTEX_ATTRIB_ARRAY_BUFFER_BINDING_ARB (4), GL_VERTEX_ATTRIB_ARRAY_BUFFER_BINDING_ARB (5), GL_VERTEX_ATTRIB_ARRAY_BUFFER_BINDING_ARB (6), GL_VERTEX_ATTRIB_ARRAY_BUFFER_BINDING_ARB (7), GL_VERTEX_ATTRIB_ARRAY_BUFFER_BINDING_ARB (8), and GL_ARRAY_BUFFER_ARB, usage hint is GL_STATIC_DRAW) will use VIDEO memory as the source for buffer object operations.
[ASTRAL_ENGINE] Notification: Buffer detailed info: Buffer object 4 (bound to GL_ELEMENT_ARRAY_BUFFER_ARB, usage hint is GL_STATIC_DRAW) will use VIDEO memory as the source for buffer object operations.
[ASTRAL_ENGINE] UIContext::RenderUI not finished yet
[ASTRAL_ENGINE] Notification: Buffer detailed info: Buffer object 5 (bound to GL_VERTEX_ATTRIB_ARRAY_BUFFER_BINDING_ARB (0), GL_VERTEX_ATTRIB_ARRAY_BUFFER_BINDING_ARB (1), GL_VERTEX_ATTRIB_ARRAY_BUFFER_BINDING_ARB (2), and GL_ARRAY_BUFFER_ARB, usage hint is GL_STATIC_DRAW) will use VIDEO memory as the source for buffer object operations.
[ASTRAL_ENGINE] Notification: Buffer detailed info: Buffer object 7 (bound to GL_ELEMENT_ARRAY_BUFFER_ARB, usage hint is GL_STATIC_DRAW) will use VIDEO memory as the source for buffer object operations.
[ASTRAL_ENGINE] Notification: Buffer detailed info: Buffer object 6 (bound to GL_VERTEX_ATTRIB_ARRAY_BUFFER_BINDING_ARB (3), GL_VERTEX_ATTRIB_ARRAY_BUFFER_BINDING_ARB (4), GL_VERTEX_ATTRIB_ARRAY_BUFFER_BINDING_ARB (5), GL_VERTEX_ATTRIB_ARRAY_BUFFER_BINDING_ARB (6), GL_VERTEX_ATTRIB_ARRAY_BUFFER_BINDING_ARB (7), GL_VERTEX_ATTRIB_ARRAY_BUFFER_BINDING_ARB (8), and GL_ARRAY_BUFFER_ARB, usage hint is GL_STATIC_DRAW) will use VIDEO memory as the source for buffer object operations.
[ASTRAL_ENGINE] UIContext::RenderUI not finished yet
[ASTRAL_ENGINE] UIContext::RenderUI not finished yet
[ASTRAL_ENGINE] UIContext::RenderUI not finished yet
[ASTRAL_ENGINE] UIContext::RenderUI not finished yet
[ASTRAL_ENGINE] UIContext::RenderUI not finished yet
[ASTRAL_ENGINE] UIContext::RenderUI not finished yet
[ASTRAL_ENGINE] UIContext::RenderUI not finished yet
[ASTRAL_ENGINE] UIContext::RenderUI not finished yet
[ASTRAL_ENGINE] UIContext::RenderUI not finished yet
[ASTRAL_ENGINE] UIContext::RenderUI not finished yet
[ASTRAL_ENGINE] UIContext::RenderUI not finished yet
[ASTRAL_ENGINE] UIContext::RenderUI not finished yet
[ASTRAL_ENGINE] UIContext::RenderUI not finished yet
[ASTRAL_ENGINE] UIContext::RenderUI not finished yet
[ASTRAL_ENGINE] UIContext::RenderUI not finished yet
[ASTRAL_ENGINE] UIContext::RenderUI not finished yet
[ASTRAL_ENGINE] UIContext::RenderUI not finished yet
[ASTRAL_ENGINE] UIContext::RenderUI not finished yet
[ASTRAL_ENGINE] UIContext::RenderUI not finished yet
[ASTRAL_ENGINE] UIContext::RenderUI not finished yet
[ASTRAL_ENGINE] UIContext::RenderUI not finished yet
[ASTRAL_ENGINE] UIContext::RenderUI not finished yet
[ASTRAL_ENGINE] UIContext::RenderUI not finished yet
[ASTRAL_ENGINE] UIContext::RenderUI not finished yet
[ASTRAL_ENGINE] UIContext::RenderUI not finished yet
[ASTRAL_ENGINE] UIContext::RenderUI not finished yet
[ASTRAL_ENGINE] UIContext::RenderUI not finished yet
[ASTRAL_ENGINE] UIContext::RenderUI not finished yet
[ASTRAL_ENGINE] UIContext::RenderUI not finished yet
[ASTRAL_ENGINE] UIContext::RenderUI not finished yet
[ASTRAL_ENGINE] UIContext::RenderUI not finished yet
[ASTRAL_ENGINE] UIContext::RenderUI not finished yet
[ASTRAL_ENGINE] UIContext::RenderUI not finished yet
[ASTRAL_ENGINE] UIContext::RenderUI not finished yet
[ASTRAL_ENGINE] UIContext::RenderUI not finished yet
[ASTRAL_ENGINE] UIContext::RenderUI not finished yet
[ASTRAL_ENGINE] UIContext::RenderUI not finished yet
[ASTRAL_ENGINE] UIContext::RenderUI not finished yet
[ASTRAL_ENGINE] UIContext::RenderUI not finished yet
[ASTRAL_ENGINE] UIContext::RenderUI not finished yet
[ASTRAL_ENGINE] UIContext::RenderUI not finished yet
[ASTRAL_ENGINE] UIContext::RenderUI not finished yet
[ASTRAL_ENGINE] UIContext::RenderUI not finished yet
[ASTRAL_ENGINE] UIContext::RenderUI not finished yet
[ASTRAL_ENGINE] UIContext::RenderUI not finished yet
[ASTRAL_ENGINE] UIContext::RenderUI not finished yet
[ASTRAL_ENGINE] UIContext::RenderUI not finished yet
[ASTRAL_ENGINE] UIContext::RenderUI not finished yet
[ASTRAL_ENGINE] UIContext::RenderUI not finished yet
[ASTRAL_ENGINE] UIContext::RenderUI not finished yet
[ASTRAL_ENGINE] UIContext::RenderUI not finished yet
[ASTRAL_ENGINE] UIContext::RenderUI not finished yet
[ASTRAL_ENGINE] UIContext::RenderUI not finished yet
[ASTRAL_ENGINE] UIContext::RenderUI not finished yet
[ASTRAL_ENGINE] UIContext::RenderUI not finished yet
[ASTRAL_ENGINE] UIContext::RenderUI not finished yet
[ASTRAL_ENGINE] UIContext::RenderUI not finished yet
[ASTRAL_ENGINE] UIContext::RenderUI not finished yet
[ASTRAL_ENGINE] UIContext::RenderUI not finished yet
[ASTRAL_ENGINE] UIContext::RenderUI not finished yet
[ASTRAL_ENGINE] UIContext::RenderUI not finished yet
[ASTRAL_ENGINE] UIContext::RenderUI not finished yet
[ASTRAL_ENGINE] UIContext::RenderUI not finished yet
[ASTRAL_ENGINE] UIContext::RenderUI not finished yet
[ASTRAL_ENGINE] UIContext::RenderUI not finished yet
[ASTRAL_ENGINE] UIContext::RenderUI not finished yet
[ASTRAL_ENGINE] UIContext::RenderUI not finished yet
[ASTRAL_ENGINE] UIContext::RenderUI not finished yet
[ASTRAL_ENGINE] UIContext::RenderUI not finished yet
[ASTRAL_ENGINE] UIContext::RenderUI not finished yet
[ASTRAL_ENGINE] UIContext::RenderUI not finished yet
[ASTRAL_ENGINE] UIContext::RenderUI not finished yet
[ASTRAL_ENGINE] UIContext::RenderUI not finished yet
[ASTRAL_ENGINE] UIContext::RenderUI not finished yet
[ASTRAL_ENGINE] UIContext::RenderUI not finished yet
[ASTRAL_ENGINE] UIContext::RenderUI not finished yet
[ASTRAL_ENGINE] UIContext::RenderUI not finished yet
[ASTRAL_ENGINE] UIContext::RenderUI not finished yet
[ASTRAL_ENGINE] UIContext::RenderUI not finished yet
[ASTRAL_ENGINE] UIContext::RenderUI not finished yet
[ASTRAL_ENGINE] UIContext::RenderUI not finished yet
[ASTRAL_ENGINE] UIContext::RenderUI not finished yet
[ASTRAL_ENGINE] UIContext::RenderUI not finished yet
[ASTRAL_ENGINE] UIContext::RenderUI not finished yet
[ASTRAL_ENGINE] UIContext::RenderUI not finished yet
[ASTRAL_ENGINE] UIContext::RenderUI not finished yet
[ASTRAL_ENGINE] UIContext::RenderUI not finished yet
[ASTRAL_ENGINE] UIContext::RenderUI not finished yet
[ASTRAL_ENGINE] UIContext::RenderUI not finished yet
[ASTRAL_ENGINE] UIContext::RenderUI not finished yet
[ASTRAL_ENGINE] UIContext::RenderUI not finished yet
[ASTRAL_ENGINE] UIContext::RenderUI not finished yet
[ASTRAL_ENGINE] UIContext::RenderUI not finished yet
[ASTRAL_ENGINE] UIContext::RenderUI not finished yet
[ASTRAL_ENGINE] Notification: Buffer detailed info: Based on the usage hint and actual usage, buffer object 3 (bound to GL_VERTEX_ATTRIB_ARRAY_BUFFER_BINDING_ARB (0), GL_VERTEX_ATTRIB_ARRAY_BUFFER_BINDING_ARB (1), GL_VERTEX_ATTRIB_ARRAY_BUFFER_BINDING_ARB (2), GL_VERTEX_ATTRIB_ARRAY_BUFFER_BINDING_ARB (3), GL_VERTEX_ATTRIB_ARRAY_BUFFER_BINDING_ARB (4), GL_VERTEX_ATTRIB_ARRAY_BUFFER_BINDING_ARB (5), GL_VERTEX_ATTRIB_ARRAY_BUFFER_BINDING_ARB (6), GL_VERTEX_ATTRIB_ARRAY_BUFFER_BINDING_ARB (7), GL_VERTEX_ATTRIB_ARRAY_BUFFER_BINDING_ARB (8), and GL_ARRAY_BUFFER_ARB, usage hint is GL_DYNAMIC_DRAW) will be configured as STREAM.
[ASTRAL_ENGINE] Notification: Buffer detailed info: Buffer object 3 (bound to GL_VERTEX_ATTRIB_ARRAY_BUFFER_BINDING_ARB (0), GL_VERTEX_ATTRIB_ARRAY_BUFFER_BINDING_ARB (1), GL_VERTEX_ATTRIB_ARRAY_BUFFER_BINDING_ARB (2), GL_VERTEX_ATTRIB_ARRAY_BUFFER_BINDING_ARB (3), GL_VERTEX_ATTRIB_ARRAY_BUFFER_BINDING_ARB (4), GL_VERTEX_ATTRIB_ARRAY_BUFFER_BINDING_ARB (5), GL_VERTEX_ATTRIB_ARRAY_BUFFER_BINDING_ARB (6), GL_VERTEX_ATTRIB_ARRAY_BUFFER_BINDING_ARB (7), GL_VERTEX_ATTRIB_ARRAY_BUFFER_BINDING_ARB (8), and GL_ARRAY_BUFFER_ARB, usage hint is GL_DYNAMIC_DRAW) will use VIDEO memory as the source for buffer object operations.
[ASTRAL_ENGINE] Notification: Buffer detailed info: Buffer object 3 (bound to GL_VERTEX_ATTRIB_ARRAY_BUFFER_BINDING_ARB (0), GL_VERTEX_ATTRIB_ARRAY_BUFFER_BINDING_ARB (1), GL_VERTEX_ATTRIB_ARRAY_BUFFER_BINDING_ARB (2), GL_VERTEX_ATTRIB_ARRAY_BUFFER_BINDING_ARB (3), GL_VERTEX_ATTRIB_ARRAY_BUFFER_BINDING_ARB (4), GL_VERTEX_ATTRIB_ARRAY_BUFFER_BINDING_ARB (5), GL_VERTEX_ATTRIB_ARRAY_BUFFER_BINDING_ARB (6), GL_VERTEX_ATTRIB_ARRAY_BUFFER_BINDING_ARB (7), GL_VERTEX_ATTRIB_ARRAY_BUFFER_BINDING_ARB (8), and GL_ARRAY_BUFFER_ARB, usage hint is GL_DYNAMIC_DRAW) will use VIDEO memory as the source for buffer object operations.
[ASTRAL_ENGINE] Notification: Buffer detailed info: Based on the usage hint and actual usage, buffer object 4 (bound to GL_ELEMENT_ARRAY_BUFFER_ARB, usage hint is GL_DYNAMIC_DRAW) will be configured as STREAM.
[ASTRAL_ENGINE] Notification: Buffer detailed info: Buffer object 4 (bound to GL_ELEMENT_ARRAY_BUFFER_ARB, usage hint is GL_DYNAMIC_DRAW) will use VIDEO memory as the source for buffer object operations.
[ASTRAL_ENGINE] Notification: Buffer detailed info: Buffer object 4 (bound to GL_ELEMENT_ARRAY_BUFFER_ARB, usage hint is GL_DYNAMIC_DRAW) will use VIDEO memory as the source for buffer object operations.
[ASTRAL_ENGINE] UIContext::RenderUI not finished yet
[ASTRAL_ENGINE] Notification: Buffer detailed info: Based on the usage hint and actual usage, buffer object 5 (bound to GL_VERTEX_ATTRIB_ARRAY_BUFFER_BINDING_ARB (0), GL_VERTEX_ATTRIB_ARRAY_BUFFER_BINDING_ARB (1), GL_VERTEX_ATTRIB_ARRAY_BUFFER_BINDING_ARB (2), and GL_ARRAY_BUFFER_ARB, usage hint is GL_DYNAMIC_DRAW) will be configured as STREAM.
[ASTRAL_ENGINE] Notification: Buffer detailed info: Buffer object 5 (bound to GL_VERTEX_ATTRIB_ARRAY_BUFFER_BINDING_ARB (0), GL_VERTEX_ATTRIB_ARRAY_BUFFER_BINDING_ARB (1), GL_VERTEX_ATTRIB_ARRAY_BUFFER_BINDING_ARB (2), and GL_ARRAY_BUFFER_ARB, usage hint is GL_DYNAMIC_DRAW) will use VIDEO memory as the source for buffer object operations.
[ASTRAL_ENGINE] Notification: Buffer detailed info: Buffer object 5 (bound to GL_VERTEX_ATTRIB_ARRAY_BUFFER_BINDING_ARB (0), GL_VERTEX_ATTRIB_ARRAY_BUFFER_BINDING_ARB (1), GL_VERTEX_ATTRIB_ARRAY_BUFFER_BINDING_ARB (2), and GL_ARRAY_BUFFER_ARB, usage hint is GL_DYNAMIC_DRAW) will use VIDEO memory as the source for buffer object operations.
[ASTRAL_ENGINE] Notification: Buffer detailed info: Based on the usage hint and actual usage, buffer object 7 (bound to GL_ELEMENT_ARRAY_BUFFER_ARB, usage hint is GL_DYNAMIC_DRAW) will be configured as STREAM.
[ASTRAL_ENGINE] Notification: Buffer detailed info: Buffer object 7 (bound to GL_ELEMENT_ARRAY_BUFFER_ARB, usage hint is GL_DYNAMIC_DRAW) will use VIDEO memory as the source for buffer object operations.
[ASTRAL_ENGINE] Notification: Buffer detailed info: Buffer object 7 (bound to GL_ELEMENT_ARRAY_BUFFER_ARB, usage hint is GL_DYNAMIC_DRAW) will use VIDEO memory as the source for buffer object operations.
[ASTRAL_ENGINE] Notification: Buffer detailed info: Based on the usage hint and actual usage, buffer object 6 (bound to GL_VERTEX_ATTRIB_ARRAY_BUFFER_BINDING_ARB (3), GL_VERTEX_ATTRIB_ARRAY_BUFFER_BINDING_ARB (4), GL_VERTEX_ATTRIB_ARRAY_BUFFER_BINDING_ARB (5), GL_VERTEX_ATTRIB_ARRAY_BUFFER_BINDING_ARB (6), GL_VERTEX_ATTRIB_ARRAY_BUFFER_BINDING_ARB (7), GL_VERTEX_ATTRIB_ARRAY_BUFFER_BINDING_ARB (8), and GL_ARRAY_BUFFER_ARB, usage hint is GL_DYNAMIC_DRAW) will be configured as STREAM.
[ASTRAL_ENGINE] Notification: Buffer detailed info: Buffer object 6 (bound to GL_VERTEX_ATTRIB_ARRAY_BUFFER_BINDING_ARB (3), GL_VERTEX_ATTRIB_ARRAY_BUFFER_BINDING_ARB (4), GL_VERTEX_ATTRIB_ARRAY_BUFFER_BINDING_ARB (5), GL_VERTEX_ATTRIB_ARRAY_BUFFER_BINDING_ARB (6), GL_VERTEX_ATTRIB_ARRAY_BUFFER_BINDING_ARB (7), GL_VERTEX_ATTRIB_ARRAY_BUFFER_BINDING_ARB (8), and GL_ARRAY_BUFFER_ARB, usage hint is GL_DYNAMIC_DRAW) will use VIDEO memory as the source for buffer object operations.
[ASTRAL_ENGINE] Notification: Buffer detailed info: Buffer object 6 (bound to GL_VERTEX_ATTRIB_ARRAY_BUFFER_BINDING_ARB (3), GL_VERTEX_ATTRIB_ARRAY_BUFFER_BINDING_ARB (4), GL_VERTEX_ATTRIB_ARRAY_BUFFER_BINDING_ARB (5), GL_VERTEX_ATTRIB_ARRAY_BUFFER_BINDING_ARB (6), GL_VERTEX_ATTRIB_ARRAY_BUFFER_BINDING_ARB (7), GL_VERTEX_ATTRIB_ARRAY_BUFFER_BINDING_ARB (8), and GL_ARRAY_BUFFER_ARB, usage hint is GL_DYNAMIC_DRAW) will use VIDEO memory as the source for buffer object operations.
[ASTRAL_ENGINE] UIContext::RenderUI not finished yet
[ASTRAL_ENGINE] UIContext::RenderUI not finished yet
[ASTRAL_ENGINE] Notification: Buffer detailed info: Buffer object 6 (bound to GL_VERTEX_ATTRIB_ARRAY_BUFFER_BINDING_ARB (3), GL_VERTEX_ATTRIB_ARRAY_BUFFER_BINDING_ARB (4), GL_VERTEX_ATTRIB_ARRAY_BUFFER_BINDING_ARB (5), GL_VERTEX_ATTRIB_ARRAY_BUFFER_BINDING_ARB (6), GL_VERTEX_ATTRIB_ARRAY_BUFFER_BINDING_ARB (7), GL_VERTEX_ATTRIB_ARRAY_BUFFER_BINDING_ARB (8), and GL_ARRAY_BUFFER_ARB, usage hint is GL_DYNAMIC_DRAW) will use VIDEO memory as the source for buffer object operations.
[ASTRAL_ENGINE] UIContext::RenderUI not finished yet
[ASTRAL_ENGINE] Notification: Buffer detailed info: Buffer object 6 (bound to GL_VERTEX_ATTRIB_ARRAY_BUFFER_BINDING_ARB (3), GL_VERTEX_ATTRIB_ARRAY_BUFFER_BINDING_ARB (4), GL_VERTEX_ATTRIB_ARRAY_BUFFER_BINDING_ARB (5), GL_VERTEX_ATTRIB_ARRAY_BUFFER_BINDING_ARB (6), GL_VERTEX_ATTRIB_ARRAY_BUFFER_BINDING_ARB (7), GL_VERTEX_ATTRIB_ARRAY_BUFFER_BINDING_ARB (8), and GL_ARRAY_BUFFER_ARB, usage hint is GL_DYNAMIC_DRAW) will use VIDEO memory as the source for buffer object operations.
[ASTRAL_ENGINE] UIContext::RenderUI not finished yet
[ASTRAL_ENGINE] UIContext::RenderUI not finished yet
[ASTRAL_ENGINE] UIContext::RenderUI not finished yet
[ASTRAL_ENGINE] UIContext::RenderUI not finished yet
[ASTRAL_ENGINE] UIContext::RenderUI not finished yet
[ASTRAL_ENGINE] UIContext::RenderUI not finished yet
[ASTRAL_ENGINE] UIContext::RenderUI not finished yet
[ASTRAL_ENGINE] UIContext::RenderUI not finished yet
[ASTRAL_ENGINE] UIContext::RenderUI not finished yet
[ASTRAL_ENGINE] UIContext::RenderUI not finished yet
[ASTRAL_ENGINE] UIContext::RenderUI not finished yet
[ASTRAL_ENGINE] UIContext::RenderUI not finished yet
[ASTRAL_ENGINE] UIContext::RenderUI not finished yet
[ASTRAL_ENGINE] UIContext::RenderUI not finished yet
[ASTRAL_ENGINE] UIContext::RenderUI not finished yet
[ASTRAL_ENGINE] UIContext::RenderUI not finished yet
[ASTRAL_ENGINE] UIContext::RenderUI not finished yet
[ASTRAL_ENGINE] UIContext::RenderUI not finished yet
[ASTRAL_ENGINE] UIContext::RenderUI not finished yet
[ASTRAL_ENGINE] UIContext::RenderUI not finished yet
[ASTRAL_ENGINE] UIContext::RenderUI not finished yet
[ASTRAL_ENGINE] UIContext::RenderUI not finished yet
[ASTRAL_ENGINE] UIContext::RenderUI not finished yet
[ASTRAL_ENGINE] UIContext::RenderUI not finished yet
[ASTRAL_ENGINE] UIContext::RenderUI not finished yet
[ASTRAL_ENGINE] UIContext::RenderUI not finished yet
[ASTRAL_ENGINE] UIContext::RenderUI not finished yet
[ASTRAL_ENGINE] UIContext::RenderUI not finished yet
[ASTRAL_ENGINE] UIContext::RenderUI not finished yet
[ASTRAL_ENGINE] UIContext::RenderUI not finished yet
[ASTRAL_ENGINE] UIContext::RenderUI not finished yet
[ASTRAL_ENGINE] UIContext::RenderUI not finished yet
[ASTRAL_ENGINE] UIContext::RenderUI not finished yet
[ASTRAL_ENGINE] UIContext::RenderUI not finished yet
[ASTRAL_ENGINE] UIContext::RenderUI not finished yet
[ASTRAL_ENGINE] UIContext::RenderUI not finished yet
[ASTRAL_ENGINE] UIContext::RenderUI not finished yet
[ASTRAL_ENGINE] UIContext::RenderUI not finished yet
[ASTRAL_ENGINE] UIContext::RenderUI not finished yet
[ASTRAL_ENGINE] UIContext::RenderUI not finished yet
[ASTRAL_ENGINE] UIContext::RenderUI not finished yet
[ASTRAL_ENGINE] UIContext::RenderUI not finished yet
[ASTRAL_ENGINE] UIContext::RenderUI not finished yet
[ASTRAL_ENGINE] UIContext::RenderUI not finished yet
[ASTRAL_ENGINE] UIContext::RenderUI not finished yet
[ASTRAL_ENGINE] UIContext::RenderUI not finished yet
[ASTRAL_ENGINE] UIContext::RenderUI not finished yet
[ASTRAL_ENGINE] UIContext::RenderUI not finished yet
[ASTRAL_ENGINE] UIContext::RenderUI not finished yet
[ASTRAL_ENGINE] UIContext::RenderUI not finished yet
[ASTRAL_ENGINE] UIContext::RenderUI not finished yet
[ASTRAL_ENGINE] UIContext::RenderUI not finished yet
[ASTRAL_ENGINE] UIContext::RenderUI not finished yet
[ASTRAL_ENGINE] UIContext::RenderUI not finished yet
[ASTRAL_ENGINE] UIContext::RenderUI not finished yet
[ASTRAL_ENGINE] UIContext::RenderUI not finished yet
[ASTRAL_ENGINE] UIContext::RenderUI not finished yet
[ASTRAL_ENGINE] UIContext::RenderUI not finished yet
[ASTRAL_ENGINE] UIContext::RenderUI not finished yet
[ASTRAL_ENGINE] UIContext::RenderUI not finished yet
[ASTRAL_ENGINE] UIContext::RenderUI not finished yet
[ASTRAL_ENGINE] UIContext::RenderUI not finished yet
[ASTRAL_ENGINE] UIContext::RenderUI not finished yet
[ASTRAL_ENGINE] UIContext::RenderUI not finished yet
[ASTRAL_ENGINE] UIContext::RenderUI not finished yet
[ASTRAL_ENGINE] UIContext::RenderUI not finished yet
[ASTRAL_ENGINE] UIContext::RenderUI not finished yet
[ASTRAL_ENGINE] UIContext::RenderUI not finished yet
[ASTRAL_ENGINE] UIContext::RenderUI not finished yet
[ASTRAL_ENGINE] UIContext::RenderUI not finished yet
[ASTRAL_ENGINE] UIContext::RenderUI not finished yet
[ASTRAL_ENGINE] UIContext::RenderUI not finished yet
[ASTRAL_ENGINE] UIContext::RenderUI not finished yet
[ASTRAL_ENGINE] UIContext::RenderUI not finished yet
[ASTRAL_ENGINE] UIContext::RenderUI not finished yet
[ASTRAL_ENGINE] UIContext::RenderUI not finished yet
[ASTRAL_ENGINE] UIContext::RenderUI not finished yet
[ASTRAL_ENGINE] UIContext::RenderUI not finished yet
[ASTRAL_ENGINE] UIContext::RenderUI not finished yet
[ASTRAL_ENGINE] UIContext::RenderUI not finished yet
[ASTRAL_ENGINE] UIContext::RenderUI not finished yet
[ASTRAL_ENGINE] UIContext::RenderUI not finished yet
[ASTRAL_ENGINE] UIContext::RenderUI not finished yet
[ASTRAL_ENGINE] UIContext::RenderUI not finished yet
[ASTRAL_ENGINE] UIContext::RenderUI not finished yet
[ASTRAL_ENGINE] UIContext::RenderUI not finished yet
[ASTRAL_ENGINE] UIContext::RenderUI not finished yet
[ASTRAL_ENGINE] Notification: Buffer detailed info: Buffer object 6 (bound to GL_VERTEX_ATTRIB_ARRAY_BUFFER_BINDING_ARB (3), GL_VERTEX_ATTRIB_ARRAY_BUFFER_BINDING_ARB (4), GL_VERTEX_ATTRIB_ARRAY_BUFFER_BINDING_ARB (5), GL_VERTEX_ATTRIB_ARRAY_BUFFER_BINDING_ARB (6), GL_VERTEX_ATTRIB_ARRAY_BUFFER_BINDING_ARB (7), GL_VERTEX_ATTRIB_ARRAY_BUFFER_BINDING_ARB (8), and GL_ARRAY_BUFFER_ARB, usage hint is GL_DYNAMIC_DRAW) will use VIDEO memory as the source for buffer object operations.
[ASTRAL_ENGINE] UIContext::RenderUI not finished yet
[ASTRAL_ENGINE] Notification: Buffer detailed info: Buffer object 6 (bound to GL_VERTEX_ATTRIB_ARRAY_BUFFER_BINDING_ARB (3), GL_VERTEX_ATTRIB_ARRAY_BUFFER_BINDING_ARB (4), GL_VERTEX_ATTRIB_ARRAY_BUFFER_BINDING_ARB (5), GL_VERTEX_ATTRIB_ARRAY_BUFFER_BINDING_ARB (6), GL_VERTEX_ATTRIB_ARRAY_BUFFER_BINDING_ARB (7), GL_VERTEX_ATTRIB_ARRAY_BUFFER_BINDING_ARB (8), and GL_ARRAY_BUFFER_ARB, usage hint is GL_DYNAMIC_DRAW) will use VIDEO memory as the source for buffer object operations.
[ASTRAL_ENGINE] UIContext::RenderUI not finished yet
[ASTRAL_ENGINE] UIContext::RenderUI not finished yet
[ASTRAL_ENGINE] UIContext::RenderUI not finished yet
[ASTRAL_ENGINE] UIContext::RenderUI not finished yet
[ASTRAL_ENGINE] UIContext::RenderUI not finished yet
[ASTRAL_ENGINE] UIContext::RenderUI not finished yet
[ASTRAL_ENGINE] UIContext::RenderUI not finished yet
[ASTRAL_ENGINE] UIContext::RenderUI not finished yet
[ASTRAL_ENGINE] UIContext::RenderUI not finished yet
[ASTRAL_ENGINE] UIContext::RenderUI not finished yet
[ASTRAL_ENGINE] UIContext::RenderUI not finished yet
[ASTRAL_ENGINE] UIContext::RenderUI not finished yet
[ASTRAL_ENGINE] UIContext::RenderUI not finished yet
[ASTRAL_ENGINE] UIContext::RenderUI not finished yet
[ASTRAL_ENGINE] UIContext::RenderUI not finished yet
[ASTRAL_ENGINE] UIContext::RenderUI not finished yet
[ASTRAL_ENGINE] UIContext::RenderUI not finished yet
[ASTRAL_ENGINE] UIContext::RenderUI not finished yet
[ASTRAL_ENGINE] UIContext::RenderUI not finished yet
[ASTRAL_ENGINE] UIContext::RenderUI not finished yet
[ASTRAL_ENGINE] UIContext::RenderUI not finished yet
[ASTRAL_ENGINE] UIContext::RenderUI not finished yet
[ASTRAL_ENGINE] UIContext::RenderUI not finished yet
[ASTRAL_ENGINE] UIContext::RenderUI not finished yet
[ASTRAL_ENGINE] UIContext::RenderUI not finished yet
[ASTRAL_ENGINE] UIContext::RenderUI not finished yet
[ASTRAL_ENGINE] UIContext::RenderUI not finished yet
[ASTRAL_ENGINE] UIContext::RenderUI not finished yet
[ASTRAL_ENGINE] Notification: Buffer detailed info: Buffer object 6 (bound to GL_VERTEX_ATTRIB_ARRAY_BUFFER_BINDING_ARB (3), GL_VERTEX_ATTRIB_ARRAY_BUFFER_BINDING_ARB (4), GL_VERTEX_ATTRIB_ARRAY_BUFFER_BINDING_ARB (5), GL_VERTEX_ATTRIB_ARRAY_BUFFER_BINDING_ARB (6), GL_VERTEX_ATTRIB_ARRAY_BUFFER_BINDING_ARB (7), GL_VERTEX_ATTRIB_ARRAY_BUFFER_BINDING_ARB (8), and GL_ARRAY_BUFFER_ARB, usage hint is GL_DYNAMIC_DRAW) will use VIDEO memory as the source for buffer object operations.
[ASTRAL_ENGINE] UIContext::RenderUI not finished yet
[ASTRAL_ENGINE] Notification: Buffer detailed info: Buffer object 6 (bound to GL_VERTEX_ATTRIB_ARRAY_BUFFER_BINDING_ARB (3), GL_VERTEX_ATTRIB_ARRAY_BUFFER_BINDING_ARB (4), GL_VERTEX_ATTRIB_ARRAY_BUFFER_BINDING_ARB (5), GL_VERTEX_ATTRIB_ARRAY_BUFFER_BINDING_ARB (6), GL_VERTEX_ATTRIB_ARRAY_BUFFER_BINDING_ARB (7), GL_VERTEX_ATTRIB_ARRAY_BUFFER_BINDING_ARB (8), and GL_ARRAY_BUFFER_ARB, usage hint is GL_DYNAMIC_DRAW) will use VIDEO memory as the source for buffer object operations.
[ASTRAL_ENGINE] UIContext::RenderUI not finished yet
[ASTRAL_ENGINE] UIContext::RenderUI not finished yet
[ASTRAL_ENGINE] UIContext::RenderUI not finished yet
[ASTRAL_ENGINE] UIContext::RenderUI not finished yet
[ASTRAL_ENGINE] UIContext::RenderUI not finished yet
[ASTRAL_ENGINE] UIContext::RenderUI not finished yet
[ASTRAL_ENGINE] UIContext::RenderUI not finished yet
[ASTRAL_ENGINE] UIContext::RenderUI not finished yet
[ASTRAL_ENGINE] UIContext::RenderUI not finished yet
[ASTRAL_ENGINE] UIContext::RenderUI not finished yet
[ASTRAL_ENGINE] UIContext::RenderUI not finished yet
[ASTRAL_ENGINE] UIContext::RenderUI not finished yet
[ASTRAL_ENGINE] UIContext::RenderUI not finished yet
[ASTRAL_ENGINE] UIContext::RenderUI not finished yet
[ASTRAL_ENGINE] UIContext::RenderUI not finished yet
[ASTRAL_ENGINE] UIContext::RenderUI not finished yet
[ASTRAL_ENGINE] UIContext::RenderUI not finished yet
[ASTRAL_ENGINE] UIContext::RenderUI not finished yet
[ASTRAL_ENGINE] UIContext::RenderUI not finished yet
[ASTRAL_ENGINE] UIContext::RenderUI not finished yet
[ASTRAL_ENGINE] UIContext::RenderUI not finished yet
[ASTRAL_ENGINE] UIContext::RenderUI not finished yet
[ASTRAL_ENGINE] UIContext::RenderUI not finished yet
[ASTRAL_ENGINE] UIContext::RenderUI not finished yet
[ASTRAL_ENGINE] UIContext::RenderUI not finished yet
[ASTRAL_ENGINE] UIContext::RenderUI not finished yet
[ASTRAL_ENGINE] UIContext::RenderUI not finished yet
[ASTRAL_ENGINE] UIContext::RenderUI not finished yet
[ASTRAL_ENGINE] UIContext::RenderUI not finished yet
[ASTRAL_ENGINE] UIContext::RenderUI not finished yet
[ASTRAL_ENGINE] UIContext::RenderUI not finished yet
[ASTRAL_ENGINE] UIContext::RenderUI not finished yet
[ASTRAL_ENGINE] UIContext::RenderUI not finished yet
[ASTRAL_ENGINE] UIContext::RenderUI not finished yet
[ASTRAL_ENGINE] UIContext::RenderUI not finished yet
[ASTRAL_ENGINE] UIContext::RenderUI not finished yet
[ASTRAL_ENGINE] UIContext::RenderUI not finished yet
[ASTRAL_ENGINE] UIContext::RenderUI not finished yet
[ASTRAL_ENGINE] UIContext::RenderUI not finished yet
[ASTRAL_ENGINE] UIContext::RenderUI not finished yet
[ASTRAL_ENGINE] UIContext::RenderUI not finished yet
[ASTRAL_ENGINE] UIContext::RenderUI not finished yet
[ASTRAL_ENGINE] UIContext::RenderUI not finished yet
[ASTRAL_ENGINE] UIContext::RenderUI not finished yet
[ASTRAL_ENGINE] UIContext::RenderUI not finished yet
[ASTRAL_ENGINE] UIContext::RenderUI not finished yet
[ASTRAL_ENGINE] UIContext::RenderUI not finished yet
[ASTRAL_ENGINE] UIContext::RenderUI not finished yet
[ASTRAL_ENGINE] UIContext::RenderUI not finished yet
[ASTRAL_ENGINE] UIContext::RenderUI not finished yet
[ASTRAL_ENGINE] UIContext::RenderUI not finished yet
[ASTRAL_ENGINE] UIContext::RenderUI not finished yet
[ASTRAL_ENGINE] UIContext::RenderUI not finished yet
[ASTRAL_ENGINE] UIContext::RenderUI not finished yet
[ASTRAL_ENGINE] UIContext::RenderUI not finished yet
[ASTRAL_ENGINE] UIContext::RenderUI not finished yet
[ASTRAL_ENGINE] UIContext::RenderUI not finished yet
[ASTRAL_ENGINE] UIContext::RenderUI not finished yet
[ASTRAL_ENGINE] UIContext::RenderUI not finished yet
[ASTRAL_ENGINE] UIContext::RenderUI not finished yet
[ASTRAL_ENGINE] UIContext::RenderUI not finished yet
[ASTRAL_ENGINE] UIContext::RenderUI not finished yet
[ASTRAL_ENGINE] UIContext::RenderUI not finished yet
[ASTRAL_ENGINE] Notification: Buffer detailed info: Buffer object 6 (bound to GL_VERTEX_ATTRIB_ARRAY_BUFFER_BINDING_ARB (3), GL_VERTEX_ATTRIB_ARRAY_BUFFER_BINDING_ARB (4), GL_VERTEX_ATTRIB_ARRAY_BUFFER_BINDING_ARB (5), GL_VERTEX_ATTRIB_ARRAY_BUFFER_BINDING_ARB (6), GL_VERTEX_ATTRIB_ARRAY_BUFFER_BINDING_ARB (7), GL_VERTEX_ATTRIB_ARRAY_BUFFER_BINDING_ARB (8), and GL_ARRAY_BUFFER_ARB, usage hint is GL_DYNAMIC_DRAW) will use VIDEO memory as the source for buffer object operations.
[ASTRAL_ENGINE] UIContext::RenderUI not finished yet
[ASTRAL_ENGINE] Notification: Buffer detailed info: Buffer object 6 (bound to GL_VERTEX_ATTRIB_ARRAY_BUFFER_BINDING_ARB (3), GL_VERTEX_ATTRIB_ARRAY_BUFFER_BINDING_ARB (4), GL_VERTEX_ATTRIB_ARRAY_BUFFER_BINDING_ARB (5), GL_VERTEX_ATTRIB_ARRAY_BUFFER_BINDING_ARB (6), GL_VERTEX_ATTRIB_ARRAY_BUFFER_BINDING_ARB (7), GL_VERTEX_ATTRIB_ARRAY_BUFFER_BINDING_ARB (8), and GL_ARRAY_BUFFER_ARB, usage hint is GL_DYNAMIC_DRAW) will use VIDEO memory as the source for buffer object operations.
[ASTRAL_ENGINE] UIContext::RenderUI not finished yet
[ASTRAL_ENGINE] UIContext::RenderUI not finished yet
[ASTRAL_ENGINE] UIContext::RenderUI not finished yet
[ASTRAL_ENGINE] UIContext::RenderUI not finished yet
[ASTRAL_ENGINE] UIContext::RenderUI not finished yet
[ASTRAL_ENGINE] UIContext::RenderUI not finished yet
[ASTRAL_ENGINE] UIContext::RenderUI not finished yet
[ASTRAL_ENGINE] UIContext::RenderUI not finished yet
[ASTRAL_ENGINE] UIContext::RenderUI not finished yet
[ASTRAL_ENGINE] UIContext::RenderUI not finished yet
[ASTRAL_ENGINE] UIContext::RenderUI not finished yet
[ASTRAL_ENGINE] UIContext::RenderUI not finished yet
[ASTRAL_ENGINE] UIContext::RenderUI not finished yet
[ASTRAL_ENGINE] UIContext::RenderUI not finished yet
[ASTRAL_ENGINE] UIContext::RenderUI not finished yet
[ASTRAL_ENGINE] UIContext::RenderUI not finished yet
[ASTRAL_ENGINE] UIContext::RenderUI not finished yet
[ASTRAL_ENGINE] UIContext::RenderUI not finished yet
[ASTRAL_ENGINE] UIContext::RenderUI not finished yet
[ASTRAL_ENGINE] UIContext::RenderUI not finished yet
[ASTRAL_ENGINE] UIContext::RenderUI not finished yet
[ASTRAL_ENGINE] UIContext::RenderUI not finished yet
[ASTRAL_ENGINE] UIContext::RenderUI not finished yet
[ASTRAL_ENGINE] UIContext::RenderUI not finished yet
[ASTRAL_ENGINE] UIContext::RenderUI not finished yet
[ASTRAL_ENGINE] UIContext::RenderUI not finished yet
[ASTRAL_ENGINE] UIContext::RenderUI not finished yet
[ASTRAL_ENGINE] UIContext::RenderUI not finished yet
[ASTRAL_ENGINE] UIContext::RenderUI not finished yet
[ASTRAL_ENGINE] UIContext::RenderUI not finished yet
[ASTRAL_ENGINE] UIContext::RenderUI not finished yet
[ASTRAL_ENGINE] UIContext::RenderUI not finished yet
[ASTRAL_ENGINE] UIContext::RenderUI not finished yet
[ASTRAL_ENGINE] UIContext::RenderUI not finished yet
[ASTRAL_ENGINE] UIContext::RenderUI not finished yet
[ASTRAL_ENGINE] UIContext::RenderUI not finished yet
[ASTRAL_ENGINE] UIContext::RenderUI not finished yet
[ASTRAL_ENGINE] UIContext::RenderUI not finished yet
[ASTRAL_ENGINE] UIContext::RenderUI not finished yet
[ASTRAL_ENGINE] UIContext::RenderUI not finished yet
[ASTRAL_ENGINE] UIContext::RenderUI not finished yet
[ASTRAL_ENGINE] UIContext::RenderUI not finished yet
[ASTRAL_ENGINE] UIContext::RenderUI not finished yet
[ASTRAL_ENGINE] UIContext::RenderUI not finished yet
[ASTRAL_ENGINE] UIContext::RenderUI not finished yet
[ASTRAL_ENGINE] UIContext::RenderUI not finished yet
[ASTRAL_ENGINE] UIContext::RenderUI not finished yet
[ASTRAL_ENGINE] UIContext::RenderUI not finished yet
[ASTRAL_ENGINE] UIContext::RenderUI not finished yet
[ASTRAL_ENGINE] UIContext::RenderUI not finished yet
[ASTRAL_ENGINE] UIContext::RenderUI not finished yet
[ASTRAL_ENGINE] UIContext::RenderUI not finished yet
[ASTRAL_ENGINE] UIContext::RenderUI not finished yet
[ASTRAL_ENGINE] UIContext::RenderUI not finished yet
[ASTRAL_ENGINE] UIContext::RenderUI not finished yet
[ASTRAL_ENGINE] UIContext::RenderUI not finished yet
[ASTRAL_ENGINE] UIContext::RenderUI not finished yet
[ASTRAL_ENGINE] UIContext::RenderUI not finished yet
[ASTRAL_ENGINE] UIContext::RenderUI not finished yet
[ASTRAL_ENGINE] UIContext::RenderUI not finished yet
[ASTRAL_ENGINE] UIContext::RenderUI not finished yet
[ASTRAL_ENGINE] UIContext::RenderUI not finished yet
[ASTRAL_ENGINE] UIContext::RenderUI not finished yet
[ASTRAL_ENGINE] UIContext::RenderUI not finished yet
[ASTRAL_ENGINE] UIContext::RenderUI not finished yet
[ASTRAL_ENGINE] UIContext::RenderUI not finished yet
[ASTRAL_ENGINE] UIContext::RenderUI not finished yet
[ASTRAL_ENGINE] UIContext::RenderUI not finished yet
[ASTRAL_ENGINE] UIContext::RenderUI not finished yet
[ASTRAL_ENGINE] UIContext::RenderUI not finished yet
[ASTRAL_ENGINE] UIContext::RenderUI not finished yet
[ASTRAL_ENGINE] UIContext::RenderUI not finished yet
[ASTRAL_ENGINE] UIContext::RenderUI not finished yet
[ASTRAL_ENGINE] UIContext::RenderUI not finished yet
[ASTRAL_ENGINE] UIContext::RenderUI not finished yet
[ASTRAL_ENGINE] UIContext::RenderUI not finished yet
[ASTRAL_ENGINE] UIContext::RenderUI not finished yet
[ASTRAL_ENGINE] UIContext::RenderUI not finished yet
[ASTRAL_ENGINE] UIContext::RenderUI not finished yet
[ASTRAL_ENGINE] UIContext::RenderUI not finished yet
[ASTRAL_ENGINE] UIContext::RenderUI not finished yet
[ASTRAL_ENGINE] UIContext::RenderUI not finished yet
[ASTRAL_ENGINE] UIContext::RenderUI not finished yet
[ASTRAL_ENGINE] UIContext::RenderUI not finished yet
[ASTRAL_ENGINE] UIContext::RenderUI not finished yet
[ASTRAL_ENGINE] UIContext::RenderUI not finished yet
[ASTRAL_ENGINE] UIContext::RenderUI not finished yet
[ASTRAL_ENGINE] UIContext::RenderUI not finished yet
[ASTRAL_ENGINE] UIContext::RenderUI not finished yet
[ASTRAL_ENGINE] UIContext::RenderUI not finished yet
[ASTRAL_ENGINE] UIContext::RenderUI not finished yet
[ASTRAL_ENGINE] UIContext::RenderUI not finished yet
[ASTRAL_ENGINE] UIContext::RenderUI not finished yet
[ASTRAL_ENGINE] UIContext::RenderUI not finished yet
[ASTRAL_ENGINE] UIContext::RenderUI not finished yet
[ASTRAL_ENGINE] Notification: Buffer detailed info: Based on the usage hint and actual usage, buffer object 6 (bound to GL_VERTEX_ATTRIB_ARRAY_BUFFER_BINDING_ARB (3), GL_VERTEX_ATTRIB_ARRAY_BUFFER_BINDING_ARB (4), GL_VERTEX_ATTRIB_ARRAY_BUFFER_BINDING_ARB (5), GL_VERTEX_ATTRIB_ARRAY_BUFFER_BINDING_ARB (6), GL_VERTEX_ATTRIB_ARRAY_BUFFER_BINDING_ARB (7), GL_VERTEX_ATTRIB_ARRAY_BUFFER_BINDING_ARB (8), and GL_ARRAY_BUFFER_ARB, usage hint is GL_DYNAMIC_DRAW) will be configured as STREAM.
[ASTRAL_ENGINE] Notification: Buffer detailed info: Buffer object 6 (bound to GL_VERTEX_ATTRIB_ARRAY_BUFFER_BINDING_ARB (3), GL_VERTEX_ATTRIB_ARRAY_BUFFER_BINDING_ARB (4), GL_VERTEX_ATTRIB_ARRAY_BUFFER_BINDING_ARB (5), GL_VERTEX_ATTRIB_ARRAY_BUFFER_BINDING_ARB (6), GL_VERTEX_ATTRIB_ARRAY_BUFFER_BINDING_ARB (7), GL_VERTEX_ATTRIB_ARRAY_BUFFER_BINDING_ARB (8), and GL_ARRAY_BUFFER_ARB, usage hint is GL_DYNAMIC_DRAW) will use VIDEO memory as the source for buffer object operations.
[ASTRAL_ENGINE] Notification: Buffer detailed info: Buffer object 6 (bound to GL_VERTEX_ATTRIB_ARRAY_BUFFER_BINDING_ARB (3), GL_VERTEX_ATTRIB_ARRAY_BUFFER_BINDING_ARB (4), GL_VERTEX_ATTRIB_ARRAY_BUFFER_BINDING_ARB (5), GL_VERTEX_ATTRIB_ARRAY_BUFFER_BINDING_ARB (6), GL_VERTEX_ATTRIB_ARRAY_BUFFER_BINDING_ARB (7), GL_VERTEX_ATTRIB_ARRAY_BUFFER_BINDING_ARB (8), and GL_ARRAY_BUFFER_ARB, usage hint is GL_DYNAMIC_DRAW) will use VIDEO memory as the source for buffer object operations.
[ASTRAL_ENGINE] UIContext::RenderUI not finished yet
[ASTRAL_ENGINE] UIContext::RenderUI not finished yet
[ASTRAL_ENGINE] UIContext::RenderUI not finished yet
[ASTRAL_ENGINE] UIContext::RenderUI not finished yet
[ASTRAL_ENGINE] UIContext::RenderUI not finished yet
[ASTRAL_ENGINE] UIContext::RenderUI not finished yet
[ASTRAL_ENGINE] UIContext::RenderUI not finished yet
[ASTRAL_ENGINE] UIContext::RenderUI not finished yet
[ASTRAL_ENGINE] UIContext::RenderUI not finished yet
[ASTRAL_ENGINE] UIContext::RenderUI not finished yet
[ASTRAL_ENGINE] UIContext::RenderUI not finished yet
[ASTRAL_ENGINE] UIContext::RenderUI not finished yet
[ASTRAL_ENGINE] UIContext::RenderUI not finished yet
[ASTRAL_ENGINE] UIContext::RenderUI not finished yet
[ASTRAL_ENGINE] UIContext::RenderUI not finished yet
[ASTRAL_ENGINE] UIContext::RenderUI not finished yet
[ASTRAL_ENGINE] UIContext::RenderUI not finished yet
[ASTRAL_ENGINE] UIContext::RenderUI not finished yet
[ASTRAL_ENGINE] UIContext::RenderUI not finished yet
[ASTRAL_ENGINE] UIContext::RenderUI not finished yet
[ASTRAL_ENGINE] UIContext::RenderUI not finished yet
[ASTRAL_ENGINE] UIContext::RenderUI not finished yet
[ASTRAL_ENGINE] UIContext::RenderUI not finished yet
[ASTRAL_ENGINE] UIContext::RenderUI not finished yet
[ASTRAL_ENGINE] UIContext::RenderUI not finished yet
[ASTRAL_ENGINE] UIContext::RenderUI not finished yet
[ASTRAL_ENGINE] UIContext::RenderUI not finished yet
[ASTRAL_ENGINE] UIContext::RenderUI not finished yet
[ASTRAL_ENGINE] UIContext::RenderUI not finished yet
[ASTRAL_ENGINE] UIContext::RenderUI not finished yet
[ASTRAL_ENGINE] UIContext::RenderUI not finished yet
[ASTRAL_ENGINE] UIContext::RenderUI not finished yet
[ASTRAL_ENGINE] UIContext::RenderUI not finished yet
[ASTRAL_ENGINE] UIContext::RenderUI not finished yet
[ASTRAL_ENGINE] UIContext::RenderUI not finished yet
[ASTRAL_ENGINE] UIContext::RenderUI not finished yet
[ASTRAL_ENGINE] UIContext::RenderUI not finished yet
[ASTRAL_ENGINE] UIContext::RenderUI not finished yet
[ASTRAL_ENGINE] UIContext::RenderUI not finished yet
[ASTRAL_ENGINE] UIContext::RenderUI not finished yet
[ASTRAL_ENGINE] UIContext::RenderUI not finished yet
[ASTRAL_ENGINE] UIContext::RenderUI not finished yet
[ASTRAL_ENGINE] UIContext::RenderUI not finished yet
[ASTRAL_ENGINE] UIContext::RenderUI not finished yet
[ASTRAL_ENGINE] UIContext::RenderUI not finished yet
[ASTRAL_ENGINE] UIContext::RenderUI not finished yet
[ASTRAL_ENGINE] UIContext::RenderUI not finished yet
[ASTRAL_ENGINE] UIContext::RenderUI not finished yet
[ASTRAL_ENGINE] UIContext::RenderUI not finished yet
[ASTRAL_ENGINE] UIContext::RenderUI not finished yet
[ASTRAL_ENGINE] UIContext::RenderUI not finished yet
[ASTRAL_ENGINE] UIContext::RenderUI not finished yet
[ASTRAL_ENGINE] UIContext::RenderUI not finished yet
[ASTRAL_ENGINE] UIContext::RenderUI not finished yet
[ASTRAL_ENGINE] UIContext::RenderUI not finished yet
[ASTRAL_ENGINE] UIContext::RenderUI not finished yet
[ASTRAL_ENGINE] UIContext::RenderUI not finished yet
[ASTRAL_ENGINE] UIContext::RenderUI not finished yet
[ASTRAL_ENGINE] UIContext::RenderUI not finished yet
[ASTRAL_ENGINE] UIContext::RenderUI not finished yet
[ASTRAL_ENGINE] UIContext::RenderUI not finished yet
[ASTRAL_ENGINE] UIContext::RenderUI not finished yet
[ASTRAL_ENGINE] UIContext::RenderUI not finished yet
[ASTRAL_ENGINE] UIContext::RenderUI not finished yet
[ASTRAL_ENGINE] UIContext::RenderUI not finished yet
[ASTRAL_ENGINE] UIContext::RenderUI not finished yet
[ASTRAL_ENGINE] UIContext::RenderUI not finished yet
[ASTRAL_ENGINE] UIContext::RenderUI not finished yet
[ASTRAL_ENGINE] UIContext::RenderUI not finished yet
[ASTRAL_ENGINE] UIContext::RenderUI not finished yet
[ASTRAL_ENGINE] UIContext::RenderUI not finished yet
[ASTRAL_ENGINE] UIContext::RenderUI not finished yet
[ASTRAL_ENGINE] UIContext::RenderUI not finished yet
[ASTRAL_ENGINE] UIContext::RenderUI not finished yet
[ASTRAL_ENGINE] UIContext::RenderUI not finished yet
[ASTRAL_ENGINE] UIContext::RenderUI not finished yet
[ASTRAL_ENGINE] UIContext::RenderUI not finished yet
[ASTRAL_ENGINE] UIContext::RenderUI not finished yet
[ASTRAL_ENGINE] Notification: Buffer detailed info: Buffer object 6 (bound to GL_VERTEX_ATTRIB_ARRAY_BUFFER_BINDING_ARB (3), GL_VERTEX_ATTRIB_ARRAY_BUFFER_BINDING_ARB (4), GL_VERTEX_ATTRIB_ARRAY_BUFFER_BINDING_ARB (5), GL_VERTEX_ATTRIB_ARRAY_BUFFER_BINDING_ARB (6), GL_VERTEX_ATTRIB_ARRAY_BUFFER_BINDING_ARB (7), GL_VERTEX_ATTRIB_ARRAY_BUFFER_BINDING_ARB (8), and GL_ARRAY_BUFFER_ARB, usage hint is GL_DYNAMIC_DRAW) will use VIDEO memory as the source for buffer object operations.
[ASTRAL_ENGINE] UIContext::RenderUI not finished yet
[ASTRAL_ENGINE] Notification: Buffer detailed info: Buffer object 6 (bound to GL_VERTEX_ATTRIB_ARRAY_BUFFER_BINDING_ARB (3), GL_VERTEX_ATTRIB_ARRAY_BUFFER_BINDING_ARB (4), GL_VERTEX_ATTRIB_ARRAY_BUFFER_BINDING_ARB (5), GL_VERTEX_ATTRIB_ARRAY_BUFFER_BINDING_ARB (6), GL_VERTEX_ATTRIB_ARRAY_BUFFER_BINDING_ARB (7), GL_VERTEX_ATTRIB_ARRAY_BUFFER_BINDING_ARB (8), and GL_ARRAY_BUFFER_ARB, usage hint is GL_DYNAMIC_DRAW) will use VIDEO memory as the source for buffer object operations.
[ASTRAL_ENGINE] UIContext::RenderUI not finished yet
[ASTRAL_ENGINE] UIContext::RenderUI not finished yet
[ASTRAL_ENGINE] UIContext::RenderUI not finished yet
[ASTRAL_ENGINE] UIContext::RenderUI not finished yet
[ASTRAL_ENGINE] UIContext::RenderUI not finished yet
[ASTRAL_ENGINE] UIContext::RenderUI not finished yet
[ASTRAL_ENGINE] UIContext::RenderUI not finished yet
[ASTRAL_ENGINE] UIContext::RenderUI not finished yet
[ASTRAL_ENGINE] UIContext::RenderUI not finished yet
[ASTRAL_ENGINE] UIContext::RenderUI not finished yet
[ASTRAL_ENGINE] UIContext::RenderUI not finished yet
[ASTRAL_ENGINE] UIContext::RenderUI not finished yet
[ASTRAL_ENGINE] UIContext::RenderUI not finished yet
[ASTRAL_ENGINE] UIContext::RenderUI not finished yet
[ASTRAL_ENGINE] UIContext::RenderUI not finished yet
[ASTRAL_ENGINE] UIContext::RenderUI not finished yet
[ASTRAL_ENGINE] UIContext::RenderUI not finished yet
[ASTRAL_ENGINE] UIContext::RenderUI not finished yet
[ASTRAL_ENGINE] UIContext::RenderUI not finished yet
[ASTRAL_ENGINE] UIContext::RenderUI not finished yet
[ASTRAL_ENGINE] UIContext::RenderUI not finished yet
[ASTRAL_ENGINE] UIContext::RenderUI not finished yet
[ASTRAL_ENGINE] UIContext::RenderUI not finished yet
[ASTRAL_ENGINE] UIContext::RenderUI not finished yet
[ASTRAL_ENGINE] UIContext::RenderUI not finished yet
[ASTRAL_ENGINE] UIContext::RenderUI not finished yet
[ASTRAL_ENGINE] UIContext::RenderUI not finished yet
[ASTRAL_ENGINE] UIContext::RenderUI not finished yet
[ASTRAL_ENGINE] UIContext::RenderUI not finished yet
[ASTRAL_ENGINE] UIContext::RenderUI not finished yet
[ASTRAL_ENGINE] UIContext::RenderUI not finished yet
[ASTRAL_ENGINE] UIContext::RenderUI not finished yet
[ASTRAL_ENGINE] UIContext::RenderUI not finished yet
[ASTRAL_ENGINE] UIContext::RenderUI not finished yet
[ASTRAL_ENGINE] UIContext::RenderUI not finished yet
[ASTRAL_ENGINE] UIContext::RenderUI not finished yet
[ASTRAL_ENGINE] UIContext::RenderUI not finished yet
[ASTRAL_ENGINE] UIContext::RenderUI not finished yet
[ASTRAL_ENGINE] UIContext::RenderUI not finished yet
[ASTRAL_ENGINE] UIContext::RenderUI not finished yet
[ASTRAL_ENGINE] UIContext::RenderUI not finished yet
[ASTRAL_ENGINE] UIContext::RenderUI not finished yet
[ASTRAL_ENGINE] UIContext::RenderUI not finished yet
[ASTRAL_ENGINE] UIContext::RenderUI not finished yet
[ASTRAL_ENGINE] UIContext::RenderUI not finished yet
[ASTRAL_ENGINE] UIContext::RenderUI not finished yet
[ASTRAL_ENGINE] UIContext::RenderUI not finished yet
[ASTRAL_ENGINE] UIContext::RenderUI not finished yet
[ASTRAL_ENGINE] UIContext::RenderUI not finished yet
[ASTRAL_ENGINE] UIContext::RenderUI not finished yet
[ASTRAL_ENGINE] UIContext::RenderUI not finished yet
[ASTRAL_ENGINE] UIContext::RenderUI not finished yet
[ASTRAL_ENGINE] UIContext::RenderUI not finished yet
[ASTRAL_ENGINE] UIContext::RenderUI not finished yet
[ASTRAL_ENGINE] Notification: Buffer detailed info: Buffer object 6 (bound to GL_VERTEX_ATTRIB_ARRAY_BUFFER_BINDING_ARB (3), GL_VERTEX_ATTRIB_ARRAY_BUFFER_BINDING_ARB (4), GL_VERTEX_ATTRIB_ARRAY_BUFFER_BINDING_ARB (5), GL_VERTEX_ATTRIB_ARRAY_BUFFER_BINDING_ARB (6), GL_VERTEX_ATTRIB_ARRAY_BUFFER_BINDING_ARB (7), GL_VERTEX_ATTRIB_ARRAY_BUFFER_BINDING_ARB (8), and GL_ARRAY_BUFFER_ARB, usage hint is GL_DYNAMIC_DRAW) will use VIDEO memory as the source for buffer object operations.
[ASTRAL_ENGINE] UIContext::RenderUI not finished yet
[ASTRAL_ENGINE] Notification: Buffer detailed info: Buffer object 6 (bound to GL_VERTEX_ATTRIB_ARRAY_BUFFER_BINDING_ARB (3), GL_VERTEX_ATTRIB_ARRAY_BUFFER_BINDING_ARB (4), GL_VERTEX_ATTRIB_ARRAY_BUFFER_BINDING_ARB (5), GL_VERTEX_ATTRIB_ARRAY_BUFFER_BINDING_ARB (6), GL_VERTEX_ATTRIB_ARRAY_BUFFER_BINDING_ARB (7), GL_VERTEX_ATTRIB_ARRAY_BUFFER_BINDING_ARB (8), and GL_ARRAY_BUFFER_ARB, usage hint is GL_DYNAMIC_DRAW) will use VIDEO memory as the source for buffer object operations.
[ASTRAL_ENGINE] UIContext::RenderUI not finished yet
[ASTRAL_ENGINE] UIContext::RenderUI not finished yet
[ASTRAL_ENGINE] UIContext::RenderUI not finished yet
[ASTRAL_ENGINE] UIContext::RenderUI not finished yet
[ASTRAL_ENGINE] UIContext::RenderUI not finished yet
[ASTRAL_ENGINE] UIContext::RenderUI not finished yet
[ASTRAL_ENGINE] UIContext::RenderUI not finished yet
[ASTRAL_ENGINE] UIContext::RenderUI not finished yet
[ASTRAL_ENGINE] UIContext::RenderUI not finished yet
[ASTRAL_ENGINE] UIContext::RenderUI not finished yet
[ASTRAL_ENGINE] UIContext::RenderUI not finished yet
[ASTRAL_ENGINE] UIContext::RenderUI not finished yet
[ASTRAL_ENGINE] UIContext::RenderUI not finished yet
[ASTRAL_ENGINE] UIContext::RenderUI not finished yet
[ASTRAL_ENGINE] UIContext::RenderUI not finished yet
[ASTRAL_ENGINE] UIContext::RenderUI not finished yet
[ASTRAL_ENGINE] UIContext::RenderUI not finished yet
[ASTRAL_ENGINE] UIContext::RenderUI not finished yet
[ASTRAL_ENGINE] UIContext::RenderUI not finished yet
[ASTRAL_ENGINE] UIContext::RenderUI not finished yet
[ASTRAL_ENGINE] UIContext::RenderUI not finished yet
[ASTRAL_ENGINE] UIContext::RenderUI not finished yet
[ASTRAL_ENGINE] UIContext::RenderUI not finished yet
[ASTRAL_ENGINE] UIContext::RenderUI not finished yet
[ASTRAL_ENGINE] UIContext::RenderUI not finished yet
[ASTRAL_ENGINE] UIContext::RenderUI not finished yet
[ASTRAL_ENGINE] UIContext::RenderUI not finished yet
[ASTRAL_ENGINE] UIContext::RenderUI not finished yet
[ASTRAL_ENGINE] UIContext::RenderUI not finished yet
[ASTRAL_ENGINE] Notification: Buffer detailed info: Buffer object 6 (bound to GL_VERTEX_ATTRIB_ARRAY_BUFFER_BINDING_ARB (3), GL_VERTEX_ATTRIB_ARRAY_BUFFER_BINDING_ARB (4), GL_VERTEX_ATTRIB_ARRAY_BUFFER_BINDING_ARB (5), GL_VERTEX_ATTRIB_ARRAY_BUFFER_BINDING_ARB (6), GL_VERTEX_ATTRIB_ARRAY_BUFFER_BINDING_ARB (7), GL_VERTEX_ATTRIB_ARRAY_BUFFER_BINDING_ARB (8), and GL_ARRAY_BUFFER_ARB, usage hint is GL_DYNAMIC_DRAW) will use VIDEO memory as the source for buffer object operations.
[ASTRAL_ENGINE] UIContext::RenderUI not finished yet
[ASTRAL_ENGINE] Notification: Buffer detailed info: Buffer object 6 (bound to GL_VERTEX_ATTRIB_ARRAY_BUFFER_BINDING_ARB (3), GL_VERTEX_ATTRIB_ARRAY_BUFFER_BINDING_ARB (4), GL_VERTEX_ATTRIB_ARRAY_BUFFER_BINDING_ARB (5), GL_VERTEX_ATTRIB_ARRAY_BUFFER_BINDING_ARB (6), GL_VERTEX_ATTRIB_ARRAY_BUFFER_BINDING_ARB (7), GL_VERTEX_ATTRIB_ARRAY_BUFFER_BINDING_ARB (8), and GL_ARRAY_BUFFER_ARB, usage hint is GL_DYNAMIC_DRAW) will use VIDEO memory as the source for buffer object operations.
[ASTRAL_ENGINE] UIContext::RenderUI not finished yet
[ASTRAL_ENGINE] UIContext::RenderUI not finished yet
[ASTRAL_ENGINE] UIContext::RenderUI not finished yet
[ASTRAL_ENGINE] UIContext::RenderUI not finished yet
[ASTRAL_ENGINE] UIContext::RenderUI not finished yet
[ASTRAL_ENGINE] UIContext::RenderUI not finished yet
[ASTRAL_ENGINE] UIContext::RenderUI not finished yet
[ASTRAL_ENGINE] UIContext::RenderUI not finished yet
[ASTRAL_ENGINE] UIContext::RenderUI not finished yet
[ASTRAL_ENGINE] UIContext::RenderUI not finished yet
[ASTRAL_ENGINE] UIContext::RenderUI not finished yet
[ASTRAL_ENGINE] UIContext::RenderUI not finished yet
[ASTRAL_ENGINE] UIContext::RenderUI not finished yet
[ASTRAL_ENGINE] UIContext::RenderUI not finished yet
[ASTRAL_ENGINE] UIContext::RenderUI not finished yet
[ASTRAL_ENGINE] UIContext::RenderUI not finished yet
[ASTRAL_ENGINE] UIContext::RenderUI not finished yet
[ASTRAL_ENGINE] UIContext::RenderUI not finished yet
[ASTRAL_ENGINE] UIContext::RenderUI not finished yet
[ASTRAL_ENGINE] UIContext::RenderUI not finished yet
[ASTRAL_ENGINE] UIContext::RenderUI not finished yet
[ASTRAL_ENGINE] UIContext::RenderUI not finished yet
[ASTRAL_ENGINE] UIContext::RenderUI not finished yet
[ASTRAL_ENGINE] UIContext::RenderUI not finished yet
[ASTRAL_ENGINE] UIContext::RenderUI not finished yet
[ASTRAL_ENGINE] UIContext::RenderUI not finished yet
[ASTRAL_ENGINE] UIContext::RenderUI not finished yet
[ASTRAL_ENGINE] UIContext::RenderUI not finished yet
[ASTRAL_ENGINE] UIContext::RenderUI not finished yet
[ASTRAL_ENGINE] UIContext::RenderUI not finished yet
[ASTRAL_ENGINE] UIContext::RenderUI not finished yet
[ASTRAL_ENGINE] UIContext::RenderUI not finished yet
[ASTRAL_ENGINE] UIContext::RenderUI not finished yet
[ASTRAL_ENGINE] UIContext::RenderUI not finished yet
[ASTRAL_ENGINE] UIContext::RenderUI not finished yet
[ASTRAL_ENGINE] UIContext::RenderUI not finished yet
[ASTRAL_ENGINE] UIContext::RenderUI not finished yet
[ASTRAL_ENGINE] UIContext::RenderUI not finished yet
[ASTRAL_ENGINE] UIContext::RenderUI not finished yet
[ASTRAL_ENGINE] UIContext::RenderUI not finished yet
[ASTRAL_ENGINE] UIContext::RenderUI not finished yet
[ASTRAL_ENGINE] UIContext::RenderUI not finished yet
[ASTRAL_ENGINE] UIContext::RenderUI not finished yet
[ASTRAL_ENGINE] UIContext::RenderUI not finished yet
[ASTRAL_ENGINE] UIContext::RenderUI not finished yet
[ASTRAL_ENGINE] Notification: Buffer detailed info: Buffer object 6 (bound to GL_VERTEX_ATTRIB_ARRAY_BUFFER_BINDING_ARB (3), GL_VERTEX_ATTRIB_ARRAY_BUFFER_BINDING_ARB (4), GL_VERTEX_ATTRIB_ARRAY_BUFFER_BINDING_ARB (5), GL_VERTEX_ATTRIB_ARRAY_BUFFER_BINDING_ARB (6), GL_VERTEX_ATTRIB_ARRAY_BUFFER_BINDING_ARB (7), GL_VERTEX_ATTRIB_ARRAY_BUFFER_BINDING_ARB (8), and GL_ARRAY_BUFFER_ARB, usage hint is GL_DYNAMIC_DRAW) will use VIDEO memory as the source for buffer object operations.
[ASTRAL_ENGINE] UIContext::RenderUI not finished yet
[ASTRAL_ENGINE] Notification: Buffer detailed info: Buffer object 6 (bound to GL_VERTEX_ATTRIB_ARRAY_BUFFER_BINDING_ARB (3), GL_VERTEX_ATTRIB_ARRAY_BUFFER_BINDING_ARB (4), GL_VERTEX_ATTRIB_ARRAY_BUFFER_BINDING_ARB (5), GL_VERTEX_ATTRIB_ARRAY_BUFFER_BINDING_ARB (6), GL_VERTEX_ATTRIB_ARRAY_BUFFER_BINDING_ARB (7), GL_VERTEX_ATTRIB_ARRAY_BUFFER_BINDING_ARB (8), and GL_ARRAY_BUFFER_ARB, usage hint is GL_DYNAMIC_DRAW) will use VIDEO memory as the source for buffer object operations.
[ASTRAL_ENGINE] UIContext::RenderUI not finished yet
[ASTRAL_ENGINE] UIContext::RenderUI not finished yet
[ASTRAL_ENGINE] UIContext::RenderUI not finished yet
[ASTRAL_ENGINE] UIContext::RenderUI not finished yet
[ASTRAL_ENGINE] UIContext::RenderUI not finished yet
[ASTRAL_ENGINE] UIContext::RenderUI not finished yet
[ASTRAL_ENGINE] UIContext::RenderUI not finished yet
[ASTRAL_ENGINE] UIContext::RenderUI not finished yet
[ASTRAL_ENGINE] UIContext::RenderUI not finished yet
[ASTRAL_ENGINE] UIContext::RenderUI not finished yet
[ASTRAL_ENGINE] UIContext::RenderUI not finished yet
[ASTRAL_ENGINE] UIContext::RenderUI not finished yet
[ASTRAL_ENGINE] UIContext::RenderUI not finished yet
[ASTRAL_ENGINE] UIContext::RenderUI not finished yet
[ASTRAL_ENGINE] UIContext::RenderUI not finished yet
[ASTRAL_ENGINE] UIContext::RenderUI not finished yet
[ASTRAL_ENGINE] UIContext::RenderUI not finished yet
[ASTRAL_ENGINE] UIContext::RenderUI not finished yet
[ASTRAL_ENGINE] UIContext::RenderUI not finished yet
[ASTRAL_ENGINE] UIContext::RenderUI not finished yet
[ASTRAL_ENGINE] UIContext::RenderUI not finished yet
[ASTRAL_ENGINE] UIContext::RenderUI not finished yet
[ASTRAL_ENGINE] UIContext::RenderUI not finished yet
[ASTRAL_ENGINE] UIContext::RenderUI not finished yet
[ASTRAL_ENGINE] UIContext::RenderUI not finished yet
[ASTRAL_ENGINE] UIContext::RenderUI not finished yet
[ASTRAL_ENGINE] UIContext::RenderUI not finished yet
[ASTRAL_ENGINE] UIContext::RenderUI not finished yet
[ASTRAL_ENGINE] UIContext::RenderUI not finished yet
[ASTRAL_ENGINE] UIContext::RenderUI not finished yet
[ASTRAL_ENGINE] UIContext::RenderUI not finished yet
[ASTRAL_ENGINE] UIContext::RenderUI not finished yet
[ASTRAL_ENGINE] UIContext::RenderUI not finished yet
[ASTRAL_ENGINE] UIContext::RenderUI not finished yet
[ASTRAL_ENGINE] UIContext::RenderUI not finished yet
[ASTRAL_ENGINE] UIContext::RenderUI not finished yet
[ASTRAL_ENGINE] UIContext::RenderUI not finished yet
[ASTRAL_ENGINE] UIContext::RenderUI not finished yet
[ASTRAL_ENGINE] UIContext::RenderUI not finished yet
[ASTRAL_ENGINE] UIContext::RenderUI not finished yet
[ASTRAL_ENGINE] UIContext::RenderUI not finished yet
[ASTRAL_ENGINE] UIContext::RenderUI not finished yet
[ASTRAL_ENGINE] UIContext::RenderUI not finished yet
[ASTRAL_ENGINE] UIContext::RenderUI not finished yet
[ASTRAL_ENGINE] UIContext::RenderUI not finished yet
[ASTRAL_ENGINE] UIContext::RenderUI not finished yet
[ASTRAL_ENGINE] UIContext::RenderUI not finished yet
[ASTRAL_ENGINE] UIContext::RenderUI not finished yet
[ASTRAL_ENGINE] UIContext::RenderUI not finished yet
[ASTRAL_ENGINE] UIContext::RenderUI not finished yet
[ASTRAL_ENGINE] UIContext::RenderUI not finished yet
[ASTRAL_ENGINE] UIContext::RenderUI not finished yet
[ASTRAL_ENGINE] UIContext::RenderUI not finished yet
[ASTRAL_ENGINE] UIContext::RenderUI not finished yet
[ASTRAL_ENGINE] UIContext::RenderUI not finished yet
[ASTRAL_ENGINE] UIContext::RenderUI not finished yet
[ASTRAL_ENGINE] Notification: Buffer detailed info: Buffer object 6 (bound to GL_VERTEX_ATTRIB_ARRAY_BUFFER_BINDING_ARB (3), GL_VERTEX_ATTRIB_ARRAY_BUFFER_BINDING_ARB (4), GL_VERTEX_ATTRIB_ARRAY_BUFFER_BINDING_ARB (5), GL_VERTEX_ATTRIB_ARRAY_BUFFER_BINDING_ARB (6), GL_VERTEX_ATTRIB_ARRAY_BUFFER_BINDING_ARB (7), GL_VERTEX_ATTRIB_ARRAY_BUFFER_BINDING_ARB (8), and GL_ARRAY_BUFFER_ARB, usage hint is GL_DYNAMIC_DRAW) will use VIDEO memory as the source for buffer object operations.
[ASTRAL_ENGINE] UIContext::RenderUI not finished yet
[ASTRAL_ENGINE] Notification: Buffer detailed info: Buffer object 6 (bound to GL_VERTEX_ATTRIB_ARRAY_BUFFER_BINDING_ARB (3), GL_VERTEX_ATTRIB_ARRAY_BUFFER_BINDING_ARB (4), GL_VERTEX_ATTRIB_ARRAY_BUFFER_BINDING_ARB (5), GL_VERTEX_ATTRIB_ARRAY_BUFFER_BINDING_ARB (6), GL_VERTEX_ATTRIB_ARRAY_BUFFER_BINDING_ARB (7), GL_VERTEX_ATTRIB_ARRAY_BUFFER_BINDING_ARB (8), and GL_ARRAY_BUFFER_ARB, usage hint is GL_DYNAMIC_DRAW) will use VIDEO memory as the source for buffer object operations.
[ASTRAL_ENGINE] UIContext::RenderUI not finished yet
[ASTRAL_ENGINE] UIContext::RenderUI not finished yet
[ASTRAL_ENGINE] UIContext::RenderUI not finished yet
[ASTRAL_ENGINE] UIContext::RenderUI not finished yet
[ASTRAL_ENGINE] UIContext::RenderUI not finished yet
[ASTRAL_ENGINE] UIContext::RenderUI not finished yet
[ASTRAL_ENGINE] UIContext::RenderUI not finished yet
[ASTRAL_ENGINE] UIContext::RenderUI not finished yet
[ASTRAL_ENGINE] UIContext::RenderUI not finished yet
[ASTRAL_ENGINE] UIContext::RenderUI not finished yet
[ASTRAL_ENGINE] UIContext::RenderUI not finished yet
[ASTRAL_ENGINE] UIContext::RenderUI not finished yet
[ASTRAL_ENGINE] UIContext::RenderUI not finished yet
[ASTRAL_ENGINE] UIContext::RenderUI not finished yet
[ASTRAL_ENGINE] UIContext::RenderUI not finished yet
[ASTRAL_ENGINE] UIContext::RenderUI not finished yet
[ASTRAL_ENGINE] UIContext::RenderUI not finished yet
[ASTRAL_ENGINE] UIContext::RenderUI not finished yet
[ASTRAL_ENGINE] UIContext::RenderUI not finished yet
[ASTRAL_ENGINE] UIContext::RenderUI not finished yet
[ASTRAL_ENGINE] UIContext::RenderUI not finished yet
[ASTRAL_ENGINE] UIContext::RenderUI not finished yet
[ASTRAL_ENGINE] UIContext::RenderUI not finished yet
[ASTRAL_ENGINE] UIContext::RenderUI not finished yet
[ASTRAL_ENGINE] UIContext::RenderUI not finished yet
[ASTRAL_ENGINE] UIContext::RenderUI not finished yet
[ASTRAL_ENGINE] UIContext::RenderUI not finished yet
[ASTRAL_ENGINE] UIContext::RenderUI not finished yet
[ASTRAL_ENGINE] UIContext::RenderUI not finished yet
[ASTRAL_ENGINE] UIContext::RenderUI not finished yet
[ASTRAL_ENGINE] UIContext::RenderUI not finished yet
[ASTRAL_ENGINE] UIContext::RenderUI not finished yet
[ASTRAL_ENGINE] UIContext::RenderUI not finished yet
[ASTRAL_ENGINE] UIContext::RenderUI not finished yet
[ASTRAL_ENGINE] UIContext::RenderUI not finished yet
[ASTRAL_ENGINE] UIContext::RenderUI not finished yet
[ASTRAL_ENGINE] UIContext::RenderUI not finished yet
[ASTRAL_ENGINE] UIContext::RenderUI not finished yet
[ASTRAL_ENGINE] UIContext::RenderUI not finished yet
[ASTRAL_ENGINE] UIContext::RenderUI not finished yet
[ASTRAL_ENGINE] UIContext::RenderUI not finished yet
[ASTRAL_ENGINE] UIContext::RenderUI not finished yet
[ASTRAL_ENGINE] UIContext::RenderUI not finished yet
[ASTRAL_ENGINE] UIContext::RenderUI not finished yet
[ASTRAL_ENGINE] UIContext::RenderUI not finished yet
[ASTRAL_ENGINE] UIContext::RenderUI not finished yet
[ASTRAL_ENGINE] UIContext::RenderUI not finished yet
[ASTRAL_ENGINE] UIContext::RenderUI not finished yet
[ASTRAL_ENGINE] Notification: Buffer detailed info: Buffer object 6 (bound to GL_VERTEX_ATTRIB_ARRAY_BUFFER_BINDING_ARB (3), GL_VERTEX_ATTRIB_ARRAY_BUFFER_BINDING_ARB (4), GL_VERTEX_ATTRIB_ARRAY_BUFFER_BINDING_ARB (5), GL_VERTEX_ATTRIB_ARRAY_BUFFER_BINDING_ARB (6), GL_VERTEX_ATTRIB_ARRAY_BUFFER_BINDING_ARB (7), GL_VERTEX_ATTRIB_ARRAY_BUFFER_BINDING_ARB (8), and GL_ARRAY_BUFFER_ARB, usage hint is GL_DYNAMIC_DRAW) will use VIDEO memory as the source for buffer object operations.
[ASTRAL_ENGINE] UIContext::RenderUI not finished yet
[ASTRAL_ENGINE] Notification: Buffer detailed info: Buffer object 6 (bound to GL_VERTEX_ATTRIB_ARRAY_BUFFER_BINDING_ARB (3), GL_VERTEX_ATTRIB_ARRAY_BUFFER_BINDING_ARB (4), GL_VERTEX_ATTRIB_ARRAY_BUFFER_BINDING_ARB (5), GL_VERTEX_ATTRIB_ARRAY_BUFFER_BINDING_ARB (6), GL_VERTEX_ATTRIB_ARRAY_BUFFER_BINDING_ARB (7), GL_VERTEX_ATTRIB_ARRAY_BUFFER_BINDING_ARB (8), and GL_ARRAY_BUFFER_ARB, usage hint is GL_DYNAMIC_DRAW) will use VIDEO memory as the source for buffer object operations.
[ASTRAL_ENGINE] UIContext::RenderUI not finished yet
[ASTRAL_ENGINE] UIContext::RenderUI not finished yet
[ASTRAL_ENGINE] UIContext::RenderUI not finished yet
[ASTRAL_ENGINE] UIContext::RenderUI not finished yet
[ASTRAL_ENGINE] UIContext::RenderUI not finished yet
[ASTRAL_ENGINE] UIContext::RenderUI not finished yet
[ASTRAL_ENGINE] UIContext::RenderUI not finished yet
[ASTRAL_ENGINE] UIContext::RenderUI not finished yet
[ASTRAL_ENGINE] UIContext::RenderUI not finished yet
[ASTRAL_ENGINE] UIContext::RenderUI not finished yet
[ASTRAL_ENGINE] UIContext::RenderUI not finished yet
[ASTRAL_ENGINE] UIContext::RenderUI not finished yet
[ASTRAL_ENGINE] UIContext::RenderUI not finished yet
[ASTRAL_ENGINE] UIContext::RenderUI not finished yet
[ASTRAL_ENGINE] UIContext::RenderUI not finished yet
[ASTRAL_ENGINE] UIContext::RenderUI not finished yet
[ASTRAL_ENGINE] UIContext::RenderUI not finished yet
[ASTRAL_ENGINE] UIContext::RenderUI not finished yet
[ASTRAL_ENGINE] UIContext::RenderUI not finished yet
[ASTRAL_ENGINE] UIContext::RenderUI not finished yet
[ASTRAL_ENGINE] UIContext::RenderUI not finished yet
[ASTRAL_ENGINE] UIContext::RenderUI not finished yet
[ASTRAL_ENGINE] UIContext::RenderUI not finished yet
[ASTRAL_ENGINE] UIContext::RenderUI not finished yet
[ASTRAL_ENGINE] UIContext::RenderUI not finished yet
[ASTRAL_ENGINE] UIContext::RenderUI not finished yet
[ASTRAL_ENGINE] UIContext::RenderUI not finished yet
[ASTRAL_ENGINE] UIContext::RenderUI not finished yet
[ASTRAL_ENGINE] UIContext::RenderUI not finished yet
[ASTRAL_ENGINE] UIContext::RenderUI not finished yet
[ASTRAL_ENGINE] UIContext::RenderUI not finished yet
[ASTRAL_ENGINE] UIContext::RenderUI not finished yet
[ASTRAL_ENGINE] UIContext::RenderUI not finished yet
[ASTRAL_ENGINE] UIContext::RenderUI not finished yet
[ASTRAL_ENGINE] UIContext::RenderUI not finished yet
[ASTRAL_ENGINE] UIContext::RenderUI not finished yet
[ASTRAL_ENGINE] UIContext::RenderUI not finished yet
[ASTRAL_ENGINE] UIContext::RenderUI not finished yet
[ASTRAL_ENGINE] UIContext::RenderUI not finished yet
[ASTRAL_ENGINE] UIContext::RenderUI not finished yet
[ASTRAL_ENGINE] UIContext::RenderUI not finished yet
[ASTRAL_ENGINE] UIContext::RenderUI not finished yet
[ASTRAL_ENGINE] UIContext::RenderUI not finished yet
[ASTRAL_ENGINE] UIContext::RenderUI not finished yet
[ASTRAL_ENGINE] UIContext::RenderUI not finished yet
[ASTRAL_ENGINE] UIContext::RenderUI not finished yet
[ASTRAL_ENGINE] UIContext::RenderUI not finished yet
[ASTRAL_ENGINE] UIContext::RenderUI not finished yet
[ASTRAL_ENGINE] UIContext::RenderUI not finished yet
[ASTRAL_ENGINE] UIContext::RenderUI not finished yet
[ASTRAL_ENGINE] UIContext::RenderUI not finished yet
[ASTRAL_ENGINE] UIContext::RenderUI not finished yet
[ASTRAL_ENGINE] UIContext::RenderUI not finished yet
[ASTRAL_ENGINE] UIContext::RenderUI not finished yet
[ASTRAL_ENGINE] UIContext::RenderUI not finished yet
[ASTRAL_ENGINE] UIContext::RenderUI not finished yet
[ASTRAL_ENGINE] UIContext::RenderUI not finished yet
[ASTRAL_ENGINE] UIContext::RenderUI not finished yet
[ASTRAL_ENGINE] UIContext::RenderUI not finished yet
[ASTRAL_ENGINE] UIContext::RenderUI not finished yet
[ASTRAL_ENGINE] UIContext::RenderUI not finished yet
[ASTRAL_ENGINE] UIContext::RenderUI not finished yet
[ASTRAL_ENGINE] UIContext::RenderUI not finished yet
[ASTRAL_ENGINE] UIContext::RenderUI not finished yet
[ASTRAL_ENGINE] UIContext::RenderUI not finished yet
[ASTRAL_ENGINE] UIContext::RenderUI not finished yet
[ASTRAL_ENGINE] UIContext::RenderUI not finished yet
[ASTRAL_ENGINE] UIContext::RenderUI not finished yet
[ASTRAL_ENGINE] UIContext::RenderUI not finished yet
[ASTRAL_ENGINE] UIContext::RenderUI not finished yet
[ASTRAL_ENGINE] UIContext::RenderUI not finished yet
[ASTRAL_ENGINE] UIContext::RenderUI not finished yet
[ASTRAL_ENGINE] UIContext::RenderUI not finished yet
[ASTRAL_ENGINE] UIContext::RenderUI not finished yet
[ASTRAL_ENGINE] UIContext::RenderUI not finished yet
[ASTRAL_ENGINE] UIContext::RenderUI not finished yet
[ASTRAL_ENGINE] UIContext::RenderUI not finished yet
[ASTRAL_ENGINE] UIContext::RenderUI not finished yet
[ASTRAL_ENGINE] UIContext::RenderUI not finished yet
[ASTRAL_ENGINE] UIContext::RenderUI not finished yet
[ASTRAL_ENGINE] UIContext::RenderUI not finished yet
[ASTRAL_ENGINE] UIContext::RenderUI not finished yet
[ASTRAL_ENGINE] UIContext::RenderUI not finished yet
[ASTRAL_ENGINE] UIContext::RenderUI not finished yet
[ASTRAL_ENGINE] UIContext::RenderUI not finished yet
[ASTRAL_ENGINE] UIContext::RenderUI not finished yet
[ASTRAL_ENGINE] UIContext::RenderUI not finished yet
[ASTRAL_ENGINE] UIContext::RenderUI not finished yet
[ASTRAL_ENGINE] UIContext::RenderUI not finished yet
[ASTRAL_ENGINE] UIContext::RenderUI not finished yet
[ASTRAL_ENGINE] Notification: Buffer detailed info: Buffer object 6 (bound to GL_VERTEX_ATTRIB_ARRAY_BUFFER_BINDING_ARB (3), GL_VERTEX_ATTRIB_ARRAY_BUFFER_BINDING_ARB (4), GL_VERTEX_ATTRIB_ARRAY_BUFFER_BINDING_ARB (5), GL_VERTEX_ATTRIB_ARRAY_BUFFER_BINDING_ARB (6), GL_VERTEX_ATTRIB_ARRAY_BUFFER_BINDING_ARB (7), GL_VERTEX_ATTRIB_ARRAY_BUFFER_BINDING_ARB (8), and GL_ARRAY_BUFFER_ARB, usage hint is GL_DYNAMIC_DRAW) will use VIDEO memory as the source for buffer object operations.
[ASTRAL_ENGINE] UIContext::RenderUI not finished yet
[ASTRAL_ENGINE] Notification: Buffer detailed info: Buffer object 6 (bound to GL_VERTEX_ATTRIB_ARRAY_BUFFER_BINDING_ARB (3), GL_VERTEX_ATTRIB_ARRAY_BUFFER_BINDING_ARB (4), GL_VERTEX_ATTRIB_ARRAY_BUFFER_BINDING_ARB (5), GL_VERTEX_ATTRIB_ARRAY_BUFFER_BINDING_ARB (6), GL_VERTEX_ATTRIB_ARRAY_BUFFER_BINDING_ARB (7), GL_VERTEX_ATTRIB_ARRAY_BUFFER_BINDING_ARB (8), and GL_ARRAY_BUFFER_ARB, usage hint is GL_DYNAMIC_DRAW) will use VIDEO memory as the source for buffer object operations.
[ASTRAL_ENGINE] UIContext::RenderUI not finished yet
[ASTRAL_ENGINE] UIContext::RenderUI not finished yet
[ASTRAL_ENGINE] UIContext::RenderUI not finished yet
[ASTRAL_ENGINE] UIContext::RenderUI not finished yet
[ASTRAL_ENGINE] UIContext::RenderUI not finished yet
[ASTRAL_ENGINE] UIContext::RenderUI not finished yet
[ASTRAL_ENGINE] UIContext::RenderUI not finished yet
[ASTRAL_ENGINE] UIContext::RenderUI not finished yet
[ASTRAL_ENGINE] UIContext::RenderUI not finished yet
[ASTRAL_ENGINE] UIContext::RenderUI not finished yet
[ASTRAL_ENGINE] UIContext::RenderUI not finished yet
[ASTRAL_ENGINE] UIContext::RenderUI not finished yet
[ASTRAL_ENGINE] UIContext::RenderUI not finished yet
[ASTRAL_ENGINE] UIContext::RenderUI not finished yet
[ASTRAL_ENGINE] UIContext::RenderUI not finished yet
[ASTRAL_ENGINE] UIContext::RenderUI not finished yet
[ASTRAL_ENGINE] UIContext::RenderUI not finished yet
[ASTRAL_ENGINE] UIContext::RenderUI not finished yet
[ASTRAL_ENGINE] UIContext::RenderUI not finished yet
[ASTRAL_ENGINE] UIContext::RenderUI not finished yet
[ASTRAL_ENGINE] UIContext::RenderUI not finished yet
[ASTRAL_ENGINE] UIContext::RenderUI not finished yet
[ASTRAL_ENGINE] UIContext::RenderUI not finished yet
[ASTRAL_ENGINE] UIContext::RenderUI not finished yet
[ASTRAL_ENGINE] UIContext::RenderUI not finished yet
[ASTRAL_ENGINE] UIContext::RenderUI not finished yet
[ASTRAL_ENGINE] UIContext::RenderUI not finished yet
[ASTRAL_ENGINE] UIContext::RenderUI not finished yet
[ASTRAL_ENGINE] UIContext::RenderUI not finished yet
[ASTRAL_ENGINE] UIContext::RenderUI not finished yet
[ASTRAL_ENGINE] UIContext::RenderUI not finished yet
[ASTRAL_ENGINE] UIContext::RenderUI not finished yet
[ASTRAL_ENGINE] UIContext::RenderUI not finished yet
[ASTRAL_ENGINE] UIContext::RenderUI not finished yet
[ASTRAL_ENGINE] Notification: Buffer detailed info: Buffer object 6 (bound to GL_VERTEX_ATTRIB_ARRAY_BUFFER_BINDING_ARB (3), GL_VERTEX_ATTRIB_ARRAY_BUFFER_BINDING_ARB (4), GL_VERTEX_ATTRIB_ARRAY_BUFFER_BINDING_ARB (5), GL_VERTEX_ATTRIB_ARRAY_BUFFER_BINDING_ARB (6), GL_VERTEX_ATTRIB_ARRAY_BUFFER_BINDING_ARB (7), GL_VERTEX_ATTRIB_ARRAY_BUFFER_BINDING_ARB (8), and GL_ARRAY_BUFFER_ARB, usage hint is GL_DYNAMIC_DRAW) will use VIDEO memory as the source for buffer object operations.
[ASTRAL_ENGINE] UIContext::RenderUI not finished yet
[ASTRAL_ENGINE] Notification: Buffer detailed info: Buffer object 6 (bound to GL_VERTEX_ATTRIB_ARRAY_BUFFER_BINDING_ARB (3), GL_VERTEX_ATTRIB_ARRAY_BUFFER_BINDING_ARB (4), GL_VERTEX_ATTRIB_ARRAY_BUFFER_BINDING_ARB (5), GL_VERTEX_ATTRIB_ARRAY_BUFFER_BINDING_ARB (6), GL_VERTEX_ATTRIB_ARRAY_BUFFER_BINDING_ARB (7), GL_VERTEX_ATTRIB_ARRAY_BUFFER_BINDING_ARB (8), and GL_ARRAY_BUFFER_ARB, usage hint is GL_DYNAMIC_DRAW) will use VIDEO memory as the source for buffer object operations.
[ASTRAL_ENGINE] UIContext::RenderUI not finished yet
[ASTRAL_ENGINE] UIContext::RenderUI not finished yet
[ASTRAL_ENGINE] UIContext::RenderUI not finished yet
[ASTRAL_ENGINE] UIContext::RenderUI not finished yet
[ASTRAL_ENGINE] UIContext::RenderUI not finished yet
[ASTRAL_ENGINE] UIContext::RenderUI not finished yet
[ASTRAL_ENGINE] UIContext::RenderUI not finished yet
[ASTRAL_ENGINE] UIContext::RenderUI not finished yet
[ASTRAL_ENGINE] UIContext::RenderUI not finished yet
[ASTRAL_ENGINE] UIContext::RenderUI not finished yet
[ASTRAL_ENGINE] UIContext::RenderUI not finished yet
[ASTRAL_ENGINE] UIContext::RenderUI not finished yet
[ASTRAL_ENGINE] UIContext::RenderUI not finished yet
[ASTRAL_ENGINE] UIContext::RenderUI not finished yet
[ASTRAL_ENGINE] UIContext::RenderUI not finished yet
[ASTRAL_ENGINE] UIContext::RenderUI not finished yet
[ASTRAL_ENGINE] UIContext::RenderUI not finished yet
[ASTRAL_ENGINE] UIContext::RenderUI not finished yet
[ASTRAL_ENGINE] UIContext::RenderUI not finished yet
[ASTRAL_ENGINE] UIContext::RenderUI not finished yet
[ASTRAL_ENGINE] UIContext::RenderUI not finished yet
[ASTRAL_ENGINE] UIContext::RenderUI not finished yet
[ASTRAL_ENGINE] UIContext::RenderUI not finished yet
[ASTRAL_ENGINE] UIContext::RenderUI not finished yet
[ASTRAL_ENGINE] UIContext::RenderUI not finished yet
[ASTRAL_ENGINE] UIContext::RenderUI not finished yet
[ASTRAL_ENGINE] UIContext::RenderUI not finished yet
[ASTRAL_ENGINE] UIContext::RenderUI not finished yet
[ASTRAL_ENGINE] UIContext::RenderUI not finished yet
[ASTRAL_ENGINE] UIContext::RenderUI not finished yet
[ASTRAL_ENGINE] UIContext::RenderUI not finished yet
[ASTRAL_ENGINE] UIContext::RenderUI not finished yet
[ASTRAL_ENGINE] UIContext::RenderUI not finished yet
[ASTRAL_ENGINE] UIContext::RenderUI not finished yet
[ASTRAL_ENGINE] UIContext::RenderUI not finished yet
[ASTRAL_ENGINE] UIContext::RenderUI not finished yet
[ASTRAL_ENGINE] UIContext::RenderUI not finished yet
[ASTRAL_ENGINE] UIContext::RenderUI not finished yet
[ASTRAL_ENGINE] UIContext::RenderUI not finished yet
[ASTRAL_ENGINE] UIContext::RenderUI not finished yet
[ASTRAL_ENGINE] UIContext::RenderUI not finished yet
[ASTRAL_ENGINE] UIContext::RenderUI not finished yet
[ASTRAL_ENGINE] UIContext::RenderUI not finished yet
[ASTRAL_ENGINE] UIContext::RenderUI not finished yet
[ASTRAL_ENGINE] UIContext::RenderUI not finished yet
[ASTRAL_ENGINE] UIContext::RenderUI not finished yet
[ASTRAL_ENGINE] UIContext::RenderUI not finished yet
[ASTRAL_ENGINE] UIContext::RenderUI not finished yet
[ASTRAL_ENGINE] UIContext::RenderUI not finished yet
[ASTRAL_ENGINE] UIContext::RenderUI not finished yet
[ASTRAL_ENGINE] UIContext::RenderUI not finished yet
[ASTRAL_ENGINE] UIContext::RenderUI not finished yet
[ASTRAL_ENGINE] UIContext::RenderUI not finished yet
[ASTRAL_ENGINE] UIContext::RenderUI not finished yet
[ASTRAL_ENGINE] UIContext::RenderUI not finished yet
[ASTRAL_ENGINE] UIContext::RenderUI not finished yet
[ASTRAL_ENGINE] UIContext::RenderUI not finished yet
[ASTRAL_ENGINE] UIContext::RenderUI not finished yet
[ASTRAL_ENGINE] UIContext::RenderUI not finished yet
[ASTRAL_ENGINE] UIContext::RenderUI not finished yet
[ASTRAL_ENGINE] UIContext::RenderUI not finished yet
[ASTRAL_ENGINE] UIContext::RenderUI not finished yet
[ASTRAL_ENGINE] UIContext::RenderUI not finished yet
[ASTRAL_ENGINE] UIContext::RenderUI not finished yet
[ASTRAL_ENGINE] UIContext::RenderUI not finished yet
[ASTRAL_ENGINE] UIContext::RenderUI not finished yet
[ASTRAL_ENGINE] UIContext::RenderUI not finished yet
[ASTRAL_ENGINE] UIContext::RenderUI not finished yet
[ASTRAL_ENGINE] UIContext::RenderUI not finished yet
[ASTRAL_ENGINE] UIContext::RenderUI not finished yet
[ASTRAL_ENGINE] UIContext::RenderUI not finished yet
[ASTRAL_ENGINE] UIContext::RenderUI not finished yet
[ASTRAL_ENGINE] UIContext::RenderUI not finished yet
[ASTRAL_ENGINE] UIContext::RenderUI not finished yet
[ASTRAL_ENGINE] UIContext::RenderUI not finished yet
[ASTRAL_ENGINE] UIContext::RenderUI not finished yet
[ASTRAL_ENGINE] UIContext::RenderUI not finished yet
[ASTRAL_ENGINE] UIContext::RenderUI not finished yet
[ASTRAL_ENGINE] UIContext::RenderUI not finished yet
[ASTRAL_ENGINE] UIContext::RenderUI not finished yet
[ASTRAL_ENGINE] UIContext::RenderUI not finished yet
[ASTRAL_ENGINE] UIContext::RenderUI not finished yet
[ASTRAL_ENGINE] UIContext::RenderUI not finished yet
[ASTRAL_ENGINE] UIContext::RenderUI not finished yet
[ASTRAL_ENGINE] UIContext::RenderUI not finished yet
[ASTRAL_ENGINE] UIContext::RenderUI not finished yet
[ASTRAL_ENGINE] UIContext::RenderUI not finished yet
[ASTRAL_ENGINE] UIContext::RenderUI not finished yet
[ASTRAL_ENGINE] UIContext::RenderUI not finished yet
[ASTRAL_ENGINE] UIContext::RenderUI not finished yet
[ASTRAL_ENGINE] UIContext::RenderUI not finished yet
[ASTRAL_ENGINE] UIContext::RenderUI not finished yet
[ASTRAL_ENGINE] UIContext::RenderUI not finished yet
[ASTRAL_ENGINE] UIContext::RenderUI not finished yet
[ASTRAL_ENGINE] UIContext::RenderUI not finished yet
[ASTRAL_ENGINE] Notification: Buffer detailed info: Based on the usage hint and actual usage, buffer object 6 (bound to GL_VERTEX_ATTRIB_ARRAY_BUFFER_BINDING_ARB (3), GL_VERTEX_ATTRIB_ARRAY_BUFFER_BINDING_ARB (4), GL_VERTEX_ATTRIB_ARRAY_BUFFER_BINDING_ARB (5), GL_VERTEX_ATTRIB_ARRAY_BUFFER_BINDING_ARB (6), GL_VERTEX_ATTRIB_ARRAY_BUFFER_BINDING_ARB (7), GL_VERTEX_ATTRIB_ARRAY_BUFFER_BINDING_ARB (8), and GL_ARRAY_BUFFER_ARB, usage hint is GL_DYNAMIC_DRAW) will be configured as STREAM.
[ASTRAL_ENGINE] Notification: Buffer detailed info: Buffer object 6 (bound to GL_VERTEX_ATTRIB_ARRAY_BUFFER_BINDING_ARB (3), GL_VERTEX_ATTRIB_ARRAY_BUFFER_BINDING_ARB (4), GL_VERTEX_ATTRIB_ARRAY_BUFFER_BINDING_ARB (5), GL_VERTEX_ATTRIB_ARRAY_BUFFER_BINDING_ARB (6), GL_VERTEX_ATTRIB_ARRAY_BUFFER_BINDING_ARB (7), GL_VERTEX_ATTRIB_ARRAY_BUFFER_BINDING_ARB (8), and GL_ARRAY_BUFFER_ARB, usage hint is GL_DYNAMIC_DRAW) will use VIDEO memory as the source for buffer object operations.
[ASTRAL_ENGINE] Notification: Buffer detailed info: Buffer object 6 (bound to GL_VERTEX_ATTRIB_ARRAY_BUFFER_BINDING_ARB (3), GL_VERTEX_ATTRIB_ARRAY_BUFFER_BINDING_ARB (4), GL_VERTEX_ATTRIB_ARRAY_BUFFER_BINDING_ARB (5), GL_VERTEX_ATTRIB_ARRAY_BUFFER_BINDING_ARB (6), GL_VERTEX_ATTRIB_ARRAY_BUFFER_BINDING_ARB (7), GL_VERTEX_ATTRIB_ARRAY_BUFFER_BINDING_ARB (8), and GL_ARRAY_BUFFER_ARB, usage hint is GL_DYNAMIC_DRAW) will use VIDEO memory as the source for buffer object operations.
[ASTRAL_ENGINE] UIContext::RenderUI not finished yet
[ASTRAL_ENGINE] UIContext::RenderUI not finished yet
[ASTRAL_ENGINE] UIContext::RenderUI not finished yet
[ASTRAL_ENGINE] UIContext::RenderUI not finished yet
[ASTRAL_ENGINE] UIContext::RenderUI not finished yet
[ASTRAL_ENGINE] UIContext::RenderUI not finished yet
[ASTRAL_ENGINE] UIContext::RenderUI not finished yet
[ASTRAL_ENGINE] UIContext::RenderUI not finished yet
[ASTRAL_ENGINE] UIContext::RenderUI not finished yet
[ASTRAL_ENGINE] UIContext::RenderUI not finished yet
[ASTRAL_ENGINE] UIContext::RenderUI not finished yet
[ASTRAL_ENGINE] UIContext::RenderUI not finished yet
[ASTRAL_ENGINE] UIContext::RenderUI not finished yet
[ASTRAL_ENGINE] UIContext::RenderUI not finished yet
[ASTRAL_ENGINE] UIContext::RenderUI not finished yet
[ASTRAL_ENGINE] UIContext::RenderUI not finished yet
[ASTRAL_ENGINE] UIContext::RenderUI not finished yet
[ASTRAL_ENGINE] UIContext::RenderUI not finished yet
[ASTRAL_ENGINE] UIContext::RenderUI not finished yet
[ASTRAL_ENGINE] UIContext::RenderUI not finished yet
[ASTRAL_ENGINE] UIContext::RenderUI not finished yet
[ASTRAL_ENGINE] UIContext::RenderUI not finished yet
[ASTRAL_ENGINE] UIContext::RenderUI not finished yet
[ASTRAL_ENGINE] UIContext::RenderUI not finished yet
[ASTRAL_ENGINE] UIContext::RenderUI not finished yet
[ASTRAL_ENGINE] UIContext::RenderUI not finished yet
[ASTRAL_ENGINE] UIContext::RenderUI not finished yet
