  SandboxApp.cpp
C:\Users\hanac\Desktop\Astral Engine\Astral Engine\AstralEngine\AstralEngine\src\AstralEngine\Debug\Instrumentor.h(129,1): warning C4267: 'initializing': conversion from 'size_t' to 'unsigned int', possible loss of data
C:\Users\hanac\Desktop\Astral Engine\Astral Engine\AstralEngine\AstralEngine\src\AstralEngine\Core\Log.h(125,14): warning C4244: '=': conversion from 'double' to 'float', possible loss of data
C:\Users\hanac\Desktop\Astral Engine\Astral Engine\AstralEngine\AstralEngine\src\AstralEngine\Platform\OpenGL\OpenGLGraphicsContext.h(4,25): warning C4091: 'extern ': ignored on left of 'GLFWwindow' when no variable is declared
C:\Users\hanac\Desktop\Astral Engine\Astral Engine\AstralEngine\AstralEngine\src\AstralEngine\Core\LayerStack.h(13,31): warning C4267: 'return': conversion from 'size_t' to 'int', possible loss of data
C:\Users\hanac\Desktop\Astral Engine\Astral Engine\AstralEngine\AstralEngine\src\AstralEngine\Renderer\VertexBuffer.h(84,31): warning C4267: 'return': conversion from 'size_t' to 'int', possible loss of data
C:\Users\hanac\Desktop\Astral Engine\Astral Engine\AstralEngine\AstralEngine\src\AstralEngine\ECS\ECS Core\View.h(61,16): warning C4003: not enough arguments for function-like macro invocation 'min'
C:\Users\hanac\Desktop\Astral Engine\Astral Engine\AstralEngine\AstralEngine\src\AstralEngine\Data Struct\AUnorderedMap.h(474,47): warning C4244: 'argument': conversion from 'size_t' to 'float', possible loss of data
C:\Users\hanac\Desktop\Astral Engine\Astral Engine\AstralEngine\AstralEngine\src\AstralEngine\Data Struct\AUnorderedMap.h(472): message : while compiling class template member function 'int AstralEngine::AUnorderedMap<char,AstralEngine::TextCharacter>::GetBucketIndex(const K &) const'
          with
          [
              K=char
          ]
C:\Users\hanac\Desktop\Astral Engine\Astral Engine\AstralEngine\AstralEngine\src\AstralEngine\Data Struct\AUnorderedMap.h(305): message : see reference to function template instantiation 'int AstralEngine::AUnorderedMap<char,AstralEngine::TextCharacter>::GetBucketIndex(const K &) const' being compiled
          with
          [
              K=char
          ]
C:\Users\hanac\Desktop\Astral Engine\Astral Engine\AstralEngine\AstralEngine\src\AstralEngine\UI\UIText.h(46): message : see reference to class template instantiation 'AstralEngine::AUnorderedMap<char,AstralEngine::TextCharacter>' being compiled
C:\Users\hanac\Desktop\Astral Engine\Astral Engine\AstralEngine\AstralEngine\src\AstralEngine\ECS\ECS Core\Storage.h(34,60): warning C4244: 'argument': conversion from '_Ty' to 'float', possible loss of data
          with
          [
              _Ty=int
          ]
C:\Users\hanac\Desktop\Astral Engine\Astral Engine\AstralEngine\AstralEngine\src\AstralEngine\ECS\ECS Core\Registry.h(370): message : see reference to function template instantiation 'Component &AstralEngine::Storage<AstralEngine::BaseEntity,Component>::Emplace<_Ty,_Ty,_Ty,_Ty>(const Entity &,_Ty &&,_Ty &&,_Ty &&,_Ty &&)' being compiled
          with
          [
              Component=AstralEngine::SpriteRenderer,
              _Ty=int,
              Entity=AstralEngine::BaseEntity
          ]
C:\Users\hanac\Desktop\Astral Engine\Astral Engine\AstralEngine\AstralEngine\src\AstralEngine\ECS\ECS Core\Registry.h(381): message : see reference to function template instantiation 'Component &AstralEngine::Storage<AstralEngine::BaseEntity,Component>::Emplace<_Ty,_Ty,_Ty,_Ty>(const Entity &,_Ty &&,_Ty &&,_Ty &&,_Ty &&)' being compiled
          with
          [
              Component=AstralEngine::SpriteRenderer,
              _Ty=int,
              Entity=AstralEngine::BaseEntity
          ]
C:\Users\hanac\Desktop\Astral Engine\Astral Engine\AstralEngine\AstralEngine\src\AstralEngine\ECS\ECS Core\Registry.h(62): message : see reference to function template instantiation 'Component &AstralEngine::Registry<AstralEngine::BaseEntity>::PoolHandler<Component>::Emplace<_Ty,_Ty,_Ty,_Ty>(AstralEngine::Registry<AstralEngine::BaseEntity> &,const AstralEngine::BaseEntity &,_Ty,_Ty,_Ty,_Ty)' being compiled
          with
          [
              Component=AstralEngine::SpriteRenderer,
              _Ty=int
          ]
C:\Users\hanac\Desktop\Astral Engine\Astral Engine\AstralEngine\AstralEngine\src\AstralEngine\ECS\AEntity.h(21): message : see reference to function template instantiation 'Component &AstralEngine::Registry<AstralEngine::BaseEntity>::EmplaceComponent<Component,_Ty,_Ty,_Ty,_Ty>(const AstralEngine::BaseEntity &,_Ty &&,_Ty &&,_Ty &&,_Ty &&)' being compiled
          with
          [
              Component=AstralEngine::SpriteRenderer,
              _Ty=int
          ]
C:\Users\hanac\Desktop\Astral Engine\Astral Engine\AstralEngine\AstralEngine\src\AstralEngine\ECS\AEntity.h(47): message : see reference to function template instantiation 'Component &AstralEngine::Registry<AstralEngine::BaseEntity>::EmplaceComponent<Component,_Ty,_Ty,_Ty,_Ty>(const AstralEngine::BaseEntity &,_Ty &&,_Ty &&,_Ty &&,_Ty &&)' being compiled
          with
          [
              Component=AstralEngine::SpriteRenderer,
              _Ty=int
          ]
C:\Users\hanac\Desktop\Astral Engine\Astral Engine\AstralEngine\Sandbox\src\SandboxApp.cpp(490): message : see reference to function template instantiation 'Component &AstralEngine::AEntity::EmplaceComponent<AstralEngine::SpriteRenderer,int,int,int,int>(int,int,int,int)' being compiled
          with
          [
              Component=AstralEngine::SpriteRenderer
          ]
LIBCMTD.lib(initializers.obj) : warning LNK4098: defaultlib 'libcmt.lib' conflicts with use of other libs; use /NODEFAULTLIB:library
  Sandbox.vcxproj -> C:\Users\hanac\Desktop\Astral Engine\Astral Engine\AstralEngine\bin\Debug-windows-x86_64\Sandbox\Sandbox.exe
