c:\users\hanac\desktop\astral engine\astral engine\astralengine\bin\debug-windows-x86_64\astralengine\astralengine.pdb
c:\users\hanac\desktop\astral engine\astral engine\astralengine\bin\debug-windows-x86_64\astralengine\astralengine.idb
c:\users\hanac\desktop\astral engine\astral engine\astralengine\bin-int\debug-windows-x86_64\astralengine\openglshader.obj
c:\users\hanac\desktop\astral engine\astral engine\astralengine\bin-int\debug-windows-x86_64\astralengine\openglrenderapi.obj
c:\users\hanac\desktop\astral engine\astral engine\astralengine\bin-int\debug-windows-x86_64\astralengine\openglindexbuffer.obj
c:\users\hanac\desktop\astral engine\astral engine\astralengine\bin-int\debug-windows-x86_64\astralengine\openglgraphicscontext.obj
c:\users\hanac\desktop\astral engine\astral engine\astralengine\bin-int\debug-windows-x86_64\astralengine\openglframebuffer.obj
c:\users\hanac\desktop\astral engine\astral engine\astralengine\bin-int\debug-windows-x86_64\astralengine\vector4int.obj
c:\users\hanac\desktop\astral engine\astral engine\astralengine\bin-int\debug-windows-x86_64\astralengine\vector4.obj
c:\users\hanac\desktop\astral engine\astral engine\astralengine\bin-int\debug-windows-x86_64\astralengine\vector3int.obj
c:\users\hanac\desktop\astral engine\astral engine\astralengine\bin-int\debug-windows-x86_64\astralengine\vector3.obj
c:\users\hanac\desktop\astral engine\astral engine\astralengine\bin-int\debug-windows-x86_64\astralengine\vector2int.obj
c:\users\hanac\desktop\astral engine\astral engine\astralengine\bin-int\debug-windows-x86_64\astralengine\vector2.obj
c:\users\hanac\desktop\astral engine\astral engine\astralengine\bin-int\debug-windows-x86_64\astralengine\utils.obj
c:\users\hanac\desktop\astral engine\astral engine\astralengine\bin-int\debug-windows-x86_64\astralengine\mat4.obj
c:\users\hanac\desktop\astral engine\astral engine\astralengine\bin-int\debug-windows-x86_64\astralengine\mat3.obj
c:\users\hanac\desktop\astral engine\astral engine\astralengine\bin-int\debug-windows-x86_64\astralengine\scene.obj
c:\users\hanac\desktop\astral engine\astral engine\astralengine\bin-int\debug-windows-x86_64\astralengine\component.obj
c:\users\hanac\desktop\astral engine\astral engine\astralengine\bin-int\debug-windows-x86_64\astralengine\aentity.obj
c:\users\hanac\desktop\astral engine\astral engine\astralengine\bin-int\debug-windows-x86_64\astralengine\time.obj
c:\users\hanac\desktop\astral engine\astral engine\astralengine\bin-int\debug-windows-x86_64\astralengine\layerstack.obj
c:\users\hanac\desktop\astral engine\astral engine\astralengine\bin-int\debug-windows-x86_64\astralengine\application.obj
c:\users\hanac\desktop\astral engine\astral engine\astralengine\bin-int\debug-windows-x86_64\astralengine\uicore.obj
c:\users\hanac\desktop\astral engine\astral engine\astralengine\bin-int\debug-windows-x86_64\astralengine\vertexbuffer.obj
c:\users\hanac\desktop\astral engine\astral engine\astralengine\bin-int\debug-windows-x86_64\astralengine\vertexarray.obj
c:\users\hanac\desktop\astral engine\astral engine\astralengine\bin-int\debug-windows-x86_64\astralengine\texture.obj
c:\users\hanac\desktop\astral engine\astral engine\astralengine\bin-int\debug-windows-x86_64\astralengine\shader.obj
c:\users\hanac\desktop\astral engine\astral engine\astralengine\bin-int\debug-windows-x86_64\astralengine\scenecamera.obj
c:\users\hanac\desktop\astral engine\astral engine\astralengine\bin-int\debug-windows-x86_64\astralengine\renderer2d.obj
c:\users\hanac\desktop\astral engine\astral engine\astralengine\bin-int\debug-windows-x86_64\astralengine\renderer.obj
c:\users\hanac\desktop\astral engine\astral engine\astralengine\bin-int\debug-windows-x86_64\astralengine\rendercommand.obj
c:\users\hanac\desktop\astral engine\astral engine\astralengine\bin-int\debug-windows-x86_64\astralengine\renderapi.obj
c:\users\hanac\desktop\astral engine\astral engine\astralengine\bin-int\debug-windows-x86_64\astralengine\orthographiccameracontroller.obj
c:\users\hanac\desktop\astral engine\astral engine\astralengine\bin-int\debug-windows-x86_64\astralengine\orthographiccamera.obj
c:\users\hanac\desktop\astral engine\astral engine\astralengine\bin-int\debug-windows-x86_64\astralengine\indexbuffer.obj
c:\users\hanac\desktop\astral engine\astral engine\astralengine\bin-int\debug-windows-x86_64\astralengine\framebuffer.obj
c:\users\hanac\desktop\astral engine\astral engine\astralengine\bin-int\debug-windows-x86_64\astralengine\windowswindow.obj
c:\users\hanac\desktop\astral engine\astral engine\astralengine\bin-int\debug-windows-x86_64\astralengine\windowstime.obj
c:\users\hanac\desktop\astral engine\astral engine\astralengine\bin-int\debug-windows-x86_64\astralengine\windowsinput.obj
c:\users\hanac\desktop\astral engine\astral engine\astralengine\bin-int\debug-windows-x86_64\astralengine\openglvertexbuffer.obj
c:\users\hanac\desktop\astral engine\astral engine\astralengine\bin-int\debug-windows-x86_64\astralengine\openglvertexarray.obj
c:\users\hanac\desktop\astral engine\astral engine\astralengine\bin-int\debug-windows-x86_64\astralengine\opengltexture.obj
c:\users\hanac\desktop\astral engine\astral engine\astralengine\bin-int\debug-windows-x86_64\astralengine\stb_image.obj
c:\users\hanac\desktop\astral engine\astral engine\astralengine\bin-int\debug-windows-x86_64\astralengine\log.obj
c:\users\hanac\desktop\astral engine\astral engine\astralengine\bin-int\debug-windows-x86_64\astralengine\astralengine.pch
c:\users\hanac\desktop\astral engine\astral engine\astralengine\bin-int\debug-windows-x86_64\astralengine\aepch.obj
c:\users\hanac\desktop\astral engine\astral engine\astralengine\bin\debug-windows-x86_64\astralengine\astralengine.lib
c:\users\hanac\desktop\astral engine\astral engine\astralengine\bin-int\debug-windows-x86_64\astralengine\astralengine.tlog\cl.command.1.tlog
c:\users\hanac\desktop\astral engine\astral engine\astralengine\bin-int\debug-windows-x86_64\astralengine\astralengine.tlog\cl.read.1.tlog
c:\users\hanac\desktop\astral engine\astral engine\astralengine\bin-int\debug-windows-x86_64\astralengine\astralengine.tlog\cl.write.1.tlog
c:\users\hanac\desktop\astral engine\astral engine\astralengine\bin-int\debug-windows-x86_64\astralengine\astralengine.tlog\lib-link.read.1.tlog
c:\users\hanac\desktop\astral engine\astral engine\astralengine\bin-int\debug-windows-x86_64\astralengine\astralengine.tlog\lib-link.write.1.tlog
c:\users\hanac\desktop\astral engine\astral engine\astralengine\bin-int\debug-windows-x86_64\astralengine\astralengine.tlog\lib.command.1.tlog
